<?xml version="1.0" encoding="UTF-8"?>
<coverage generated="1776191648051" clover="3.2.0">
  <project timestamp="1776191648051" name="All files">
    <metrics statements="31" coveredstatements="31" conditionals="42" coveredconditionals="41" methods="7" coveredmethods="7" elements="80" coveredelements="79" complexity="0" loc="31" ncloc="31" packages="1" files="1" classes="1"/>
    <file name="profile.ts" path="/Users/rorymacrae/Documents/Personal/experiments/activity/src/services/profile.ts">
      <metrics statements="31" coveredstatements="31" conditionals="42" coveredconditionals="41" methods="7" coveredmethods="7"/>
      <line num="20" count="3" type="cond" truecount="4" falsecount="0"/>
      <line num="21" count="1" type="stmt"/>
      <line num="24" count="2" type="stmt"/>
      <line num="29" count="2" type="cond" truecount="2" falsecount="0"/>
      <line num="36" count="6" type="cond" truecount="4" falsecount="0"/>
      <line num="38" count="5" type="stmt"/>
      <line num="44" count="5" type="cond" truecount="2" falsecount="0"/>
      <line num="57" count="6" type="cond" truecount="4" falsecount="0"/>
      <line num="59" count="5" type="stmt"/>
      <line num="65" count="5" type="cond" truecount="2" falsecount="0"/>
      <line num="67" count="1" type="stmt"/>
      <line num="68" count="1" type="stmt"/>
      <line num="71" count="4" type="cond" truecount="1" falsecount="1"/>
      <line num="86" count="4" type="cond" truecount="4" falsecount="0"/>
      <line num="87" count="1" type="stmt"/>
      <line num="90" count="3" type="stmt"/>
      <line num="103" count="3" type="cond" truecount="2" falsecount="0"/>
      <line num="113" count="3" type="cond" truecount="4" falsecount="0"/>
      <line num="114" count="1" type="stmt"/>
      <line num="117" count="2" type="stmt"/>
      <line num="123" count="2" type="cond" truecount="2" falsecount="0"/>
      <line num="133" count="3" type="cond" truecount="4" falsecount="0"/>
      <line num="135" count="2" type="stmt"/>
      <line num="142" count="2" type="stmt"/>
      <line num="164" count="3" type="stmt"/>
      <line num="169" count="3" type="stmt"/>
      <line num="170" count="3" type="stmt"/>
      <line num="171" count="3" type="stmt"/>
      <line num="173" count="3" type="stmt"/>
      <line num="178" count="3" type="stmt"/>
      <line num="180" count="3" type="stmt"/>
    </file>
  </project>
</coverage>
