{"/Users/rorymacrae/Documents/Personal/experiments/activity/src/services/resort.ts": {"path":"/Users/rorymacrae/Documents/Personal/experiments/activity/src/services/resort.ts","statementMap":{"0":{"start":{"line":8,"column":2},"end":{"line":8,"column":17}},"1":{"start":{"line":15,"column":2},"end":{"line":15,"column":52}},"2":{"start":{"line":15,"column":34},"end":{"line":15,"column":50}},"3":{"start":{"line":22,"column":2},"end":{"line":22,"column":45}},"4":{"start":{"line":22,"column":30},"end":{"line":22,"column":45}},"5":{"start":{"line":24,"column":46},"end":{"line":30,"column":3}},"6":{"start":{"line":32,"column":27},"end":{"line":32,"column":73}},"7":{"start":{"line":32,"column":53},"end":{"line":32,"column":72}},"8":{"start":{"line":34,"column":2},"end":{"line":34,"column":79}},"9":{"start":{"line":34,"column":36},"end":{"line":34,"column":77}}},"fnMap":{"0":{"name":"getAllResorts","decl":{"start":{"line":7,"column":16},"end":{"line":7,"column":29}},"loc":{"start":{"line":7,"column":42},"end":{"line":9,"column":1}},"line":7},"1":{"name":"getResortById","decl":{"start":{"line":14,"column":16},"end":{"line":14,"column":29}},"loc":{"start":{"line":14,"column":62},"end":{"line":16,"column":1}},"line":14},"2":{"name":"(anonymous_2)","decl":{"start":{"line":15,"column":22},"end":{"line":15,"column":23}},"loc":{"start":{"line":15,"column":34},"end":{"line":15,"column":50}},"line":15},"3":{"name":"getResortsByRegion","decl":{"start":{"line":21,"column":16},"end":{"line":21,"column":34}},"loc":{"start":{"line":21,"column":66},"end":{"line":35,"column":1}},"line":21},"4":{"name":"(anonymous_4)","decl":{"start":{"line":32,"column":45},"end":{"line":32,"column":46}},"loc":{"start":{"line":32,"column":53},"end":{"line":32,"column":72}},"line":32},"5":{"name":"(anonymous_5)","decl":{"start":{"line":34,"column":24},"end":{"line":34,"column":25}},"loc":{"start":{"line":34,"column":36},"end":{"line":34,"column":77}},"line":34}},"branchMap":{"0":{"loc":{"start":{"line":22,"column":2},"end":{"line":22,"column":45}},"type":"if","locations":[{"start":{"line":22,"column":2},"end":{"line":22,"column":45}},{"start":{},"end":{}}],"line":22},"1":{"loc":{"start":{"line":32,"column":53},"end":{"line":32,"column":72}},"type":"binary-expr","locations":[{"start":{"line":32,"column":53},"end":{"line":32,"column":66}},{"start":{"line":32,"column":70},"end":{"line":32,"column":72}}],"line":32}},"s":{"0":2,"1":2,"2":31,"3":17,"4":1,"5":16,"6":16,"7":25,"8":16,"9":480},"f":{"0":2,"1":2,"2":31,"3":17,"4":25,"5":480},"b":{"0":[1,16],"1":[25,2]},"_coverageSchema":"1a1c01bbd47fc00a2c39e90264f33305004495a9","hash":"87f173c14c9c8c23815ae255f8394f4e4f5ce259"}
,"/Users/rorymacrae/Documents/Personal/experiments/activity/src/services/recommendation/explainer.ts": {"path":"/Users/rorymacrae/Documents/Personal/experiments/activity/src/services/recommendation/explainer.ts","statementMap":{"0":{"start":{"line":18,"column":28},"end":{"line":18,"column":30}},"1":{"start":{"line":24,"column":6},"end":{"line":54,"column":3}},"2":{"start":{"line":25,"column":18},"end":{"line":28,"column":5}},"3":{"start":{"line":29,"column":20},"end":{"line":32,"column":5}},"4":{"start":{"line":33,"column":18},"end":{"line":39,"column":5}},"5":{"start":{"line":40,"column":23},"end":{"line":49,"column":5}},"6":{"start":{"line":50,"column":18},"end":{"line":53,"column":5}},"7":{"start":{"line":57,"column":23},"end":{"line":59,"column":33}},"8":{"start":{"line":59,"column":27},"end":{"line":59,"column":32}},"9":{"start":{"line":61,"column":2},"end":{"line":71,"column":3}},"10":{"start":{"line":62,"column":4},"end":{"line":62,"column":35}},"11":{"start":{"line":62,"column":29},"end":{"line":62,"column":35}},"12":{"start":{"line":64,"column":21},"end":{"line":64,"column":44}},"13":{"start":{"line":66,"column":4},"end":{"line":70,"column":5}},"14":{"start":{"line":67,"column":6},"end":{"line":67,"column":39}},"15":{"start":{"line":68,"column":11},"end":{"line":70,"column":5}},"16":{"start":{"line":69,"column":6},"end":{"line":69,"column":34}},"17":{"start":{"line":74,"column":2},"end":{"line":76,"column":3}},"18":{"start":{"line":75,"column":4},"end":{"line":75,"column":53}},"19":{"start":{"line":78,"column":2},"end":{"line":78,"column":17}}},"fnMap":{"0":{"name":"generateExplanations","decl":{"start":{"line":13,"column":16},"end":{"line":13,"column":36}},"loc":{"start":{"line":17,"column":12},"end":{"line":79,"column":1}},"line":17},"1":{"name":"(anonymous_1)","decl":{"start":{"line":25,"column":11},"end":{"line":25,"column":12}},"loc":{"start":{"line":25,"column":18},"end":{"line":28,"column":5}},"line":25},"2":{"name":"(anonymous_2)","decl":{"start":{"line":29,"column":12},"end":{"line":29,"column":13}},"loc":{"start":{"line":29,"column":20},"end":{"line":32,"column":5}},"line":29},"3":{"name":"(anonymous_3)","decl":{"start":{"line":33,"column":10},"end":{"line":33,"column":11}},"loc":{"start":{"line":33,"column":18},"end":{"line":39,"column":5}},"line":33},"4":{"name":"(anonymous_4)","decl":{"start":{"line":40,"column":14},"end":{"line":40,"column":15}},"loc":{"start":{"line":40,"column":23},"end":{"line":49,"column":5}},"line":40},"5":{"name":"(anonymous_5)","decl":{"start":{"line":50,"column":10},"end":{"line":50,"column":11}},"loc":{"start":{"line":50,"column":18},"end":{"line":53,"column":5}},"line":50},"6":{"name":"(anonymous_6)","decl":{"start":{"line":59,"column":9},"end":{"line":59,"column":10}},"loc":{"start":{"line":59,"column":27},"end":{"line":59,"column":32}},"line":59}},"branchMap":{"0":{"loc":{"start":{"line":35,"column":8},"end":{"line":37,"column":44}},"type":"cond-expr","locations":[{"start":{"line":36,"column":12},"end":{"line":36,"column":48}},{"start":{"line":37,"column":12},"end":{"line":37,"column":44}}],"line":35},"1":{"loc":{"start":{"line":42,"column":8},"end":{"line":44,"column":35}},"type":"cond-expr","locations":[{"start":{"line":43,"column":12},"end":{"line":43,"column":36}},{"start":{"line":44,"column":12},"end":{"line":44,"column":35}}],"line":42},"2":{"loc":{"start":{"line":46,"column":8},"end":{"line":48,"column":30}},"type":"cond-expr","locations":[{"start":{"line":47,"column":12},"end":{"line":47,"column":37}},{"start":{"line":48,"column":12},"end":{"line":48,"column":30}}],"line":46},"3":{"loc":{"start":{"line":62,"column":4},"end":{"line":62,"column":35}},"type":"if","locations":[{"start":{"line":62,"column":4},"end":{"line":62,"column":35}},{"start":{},"end":{}}],"line":62},"4":{"loc":{"start":{"line":66,"column":4},"end":{"line":70,"column":5}},"type":"if","locations":[{"start":{"line":66,"column":4},"end":{"line":70,"column":5}},{"start":{"line":68,"column":11},"end":{"line":70,"column":5}}],"line":66},"5":{"loc":{"start":{"line":68,"column":11},"end":{"line":70,"column":5}},"type":"if","locations":[{"start":{"line":68,"column":11},"end":{"line":70,"column":5}},{"start":{},"end":{}}],"line":68},"6":{"loc":{"start":{"line":68,"column":15},"end":{"line":68,"column":48}},"type":"binary-expr","locations":[{"start":{"line":68,"column":15},"end":{"line":68,"column":26}},{"start":{"line":68,"column":30},"end":{"line":68,"column":48}}],"line":68},"7":{"loc":{"start":{"line":74,"column":2},"end":{"line":76,"column":3}},"type":"if","locations":[{"start":{"line":74,"column":2},"end":{"line":76,"column":3}},{"start":{},"end":{}}],"line":74}},"s":{"0":101,"1":101,"2":98,"3":78,"4":86,"5":63,"6":84,"7":101,"8":784,"9":101,"10":457,"11":48,"12":409,"13":409,"14":224,"15":185,"16":18,"17":101,"18":2,"19":101},"f":{"0":101,"1":98,"2":78,"3":86,"4":63,"5":84,"6":784},"b":{"0":[18,68],"1":[8,55],"2":[8,55],"3":[48,409],"4":[224,185],"5":[18,167],"6":[185,84],"7":[2,99]},"_coverageSchema":"1a1c01bbd47fc00a2c39e90264f33305004495a9","hash":"968af8835479f84209b32bc6d94f096c42742eef"}
,"/Users/rorymacrae/Documents/Personal/experiments/activity/src/services/recommendation/index.ts": {"path":"/Users/rorymacrae/Documents/Personal/experiments/activity/src/services/recommendation/index.ts","statementMap":{"0":{"start":{"line":14,"column":43},"end":{"line":18,"column":3}},"1":{"start":{"line":20,"column":44},"end":{"line":25,"column":3}},"2":{"start":{"line":27,"column":2},"end":{"line":34,"column":4}},"3":{"start":{"line":45,"column":18},"end":{"line":51,"column":3}},"4":{"start":{"line":54,"column":25},"end":{"line":54,"column":57}},"5":{"start":{"line":55,"column":2},"end":{"line":55,"column":33}},"6":{"start":{"line":58,"column":22},"end":{"line":58,"column":71}},"7":{"start":{"line":58,"column":62},"end":{"line":58,"column":67}},"8":{"start":{"line":59,"column":2},"end":{"line":61,"column":5}},"9":{"start":{"line":60,"column":4},"end":{"line":60,"column":56}},"10":{"start":{"line":64,"column":2},"end":{"line":70,"column":4}},"11":{"start":{"line":82,"column":2},"end":{"line":82,"column":59}},"12":{"start":{"line":82,"column":33},"end":{"line":82,"column":57}},"13":{"start":{"line":85,"column":21},"end":{"line":85,"column":60}},"14":{"start":{"line":88,"column":26},"end":{"line":88,"column":59}},"15":{"start":{"line":91,"column":41},"end":{"line":106,"column":4}},"16":{"start":{"line":92,"column":28},"end":{"line":92,"column":68}},"17":{"start":{"line":93,"column":23},"end":{"line":93,"column":77}},"18":{"start":{"line":94,"column":25},"end":{"line":98,"column":5}},"19":{"start":{"line":100,"column":4},"end":{"line":105,"column":6}},"20":{"start":{"line":109,"column":2},"end":{"line":109,"column":76}},"21":{"start":{"line":109,"column":31},"end":{"line":109,"column":58}}},"fnMap":{"0":{"name":"normalizePreferences","decl":{"start":{"line":13,"column":9},"end":{"line":13,"column":29}},"loc":{"start":{"line":13,"column":73},"end":{"line":35,"column":1}},"line":13},"1":{"name":"computeWeightedScore","decl":{"start":{"line":40,"column":9},"end":{"line":40,"column":29}},"loc":{"start":{"line":43,"column":10},"end":{"line":71,"column":1}},"line":43},"2":{"name":"(anonymous_2)","decl":{"start":{"line":58,"column":52},"end":{"line":58,"column":53}},"loc":{"start":{"line":58,"column":62},"end":{"line":58,"column":67}},"line":58},"3":{"name":"(anonymous_3)","decl":{"start":{"line":59,"column":31},"end":{"line":59,"column":32}},"loc":{"start":{"line":59,"column":40},"end":{"line":61,"column":3}},"line":59},"4":{"name":"getRecommendations","decl":{"start":{"line":77,"column":22},"end":{"line":77,"column":40}},"loc":{"start":{"line":80,"column":35},"end":{"line":110,"column":1}},"line":80},"5":{"name":"(anonymous_5)","decl":{"start":{"line":82,"column":20},"end":{"line":82,"column":21}},"loc":{"start":{"line":82,"column":33},"end":{"line":82,"column":57}},"line":82},"6":{"name":"(anonymous_6)","decl":{"start":{"line":91,"column":56},"end":{"line":91,"column":57}},"loc":{"start":{"line":91,"column":68},"end":{"line":106,"column":3}},"line":91},"7":{"name":"(anonymous_7)","decl":{"start":{"line":109,"column":21},"end":{"line":109,"column":22}},"loc":{"start":{"line":109,"column":31},"end":{"line":109,"column":58}},"line":109}},"branchMap":{"0":{"loc":{"start":{"line":28,"column":16},"end":{"line":28,"column":49}},"type":"binary-expr","locations":[{"start":{"line":28,"column":16},"end":{"line":28,"column":42}},{"start":{"line":28,"column":46},"end":{"line":28,"column":49}}],"line":28},"1":{"loc":{"start":{"line":29,"column":17},"end":{"line":29,"column":52}},"type":"binary-expr","locations":[{"start":{"line":29,"column":17},"end":{"line":29,"column":45}},{"start":{"line":29,"column":49},"end":{"line":29,"column":52}}],"line":29},"2":{"loc":{"start":{"line":79,"column":2},"end":{"line":79,"column":19}},"type":"default-arg","locations":[{"start":{"line":79,"column":18},"end":{"line":79,"column":19}}],"line":79}},"s":{"0":7,"1":7,"2":7,"3":95,"4":95,"5":95,"6":95,"7":475,"8":95,"9":475,"10":95,"11":7,"12":7,"13":7,"14":7,"15":7,"16":95,"17":95,"18":95,"19":95,"20":7,"21":299},"f":{"0":7,"1":95,"2":475,"3":475,"4":7,"5":7,"6":95,"7":299},"b":{"0":[7,0],"1":[7,0],"2":[5]},"_coverageSchema":"1a1c01bbd47fc00a2c39e90264f33305004495a9","hash":"eb697b423a8d209e7203f2d13395edd2b5099e71"}
,"/Users/rorymacrae/Documents/Personal/experiments/activity/src/services/recommendation/scorer.ts": {"path":"/Users/rorymacrae/Documents/Personal/experiments/activity/src/services/recommendation/scorer.ts","statementMap":{"0":{"start":{"line":13,"column":2},"end":{"line":22,"column":3}},"1":{"start":{"line":15,"column":4},"end":{"line":15,"column":60}},"2":{"start":{"line":16,"column":9},"end":{"line":22,"column":3}},"3":{"start":{"line":18,"column":4},"end":{"line":18,"column":60}},"4":{"start":{"line":21,"column":4},"end":{"line":21,"column":60}},"5":{"start":{"line":30,"column":16},"end":{"line":30,"column":48}},"6":{"start":{"line":31,"column":18},"end":{"line":31,"column":32}},"7":{"start":{"line":35,"column":4},"end":{"line":37,"column":53}},"8":{"start":{"line":39,"column":2},"end":{"line":39,"column":45}},"9":{"start":{"line":47,"column":20},"end":{"line":47,"column":54}},"10":{"start":{"line":50,"column":17},"end":{"line":55,"column":3}},"11":{"start":{"line":58,"column":16},"end":{"line":58,"column":56}},"12":{"start":{"line":59,"column":16},"end":{"line":59,"column":29}},"13":{"start":{"line":61,"column":2},"end":{"line":73,"column":3}},"14":{"start":{"line":63,"column":30},"end":{"line":63,"column":63}},"15":{"start":{"line":64,"column":24},"end":{"line":64,"column":51}},"16":{"start":{"line":65,"column":4},"end":{"line":65,"column":68}},"17":{"start":{"line":66,"column":9},"end":{"line":73,"column":3}},"18":{"start":{"line":68,"column":4},"end":{"line":68,"column":14}},"19":{"start":{"line":71,"column":23},"end":{"line":71,"column":44}},"20":{"start":{"line":72,"column":4},"end":{"line":72,"column":65}},"21":{"start":{"line":82,"column":26},"end":{"line":82,"column":64}},"22":{"start":{"line":83,"column":15},"end":{"line":83,"column":54}},"23":{"start":{"line":84,"column":2},"end":{"line":84,"column":38}},"24":{"start":{"line":96,"column":23},"end":{"line":96,"column":42}},"25":{"start":{"line":97,"column":26},"end":{"line":97,"column":41}},"26":{"start":{"line":100,"column":4},"end":{"line":101,"column":60}},"27":{"start":{"line":103,"column":2},"end":{"line":103,"column":41}},"28":{"start":{"line":111,"column":2},"end":{"line":111,"column":48}},"29":{"start":{"line":121,"column":2},"end":{"line":127,"column":4}}},"fnMap":{"0":{"name":"getIdealDistribution","decl":{"start":{"line":8,"column":9},"end":{"line":8,"column":29}},"loc":{"start":{"line":12,"column":2},"end":{"line":23,"column":1}},"line":12},"1":{"name":"calculateSkillScore","decl":{"start":{"line":29,"column":9},"end":{"line":29,"column":28}},"loc":{"start":{"line":29,"column":73},"end":{"line":40,"column":1}},"line":29},"2":{"name":"calculateBudgetScore","decl":{"start":{"line":46,"column":9},"end":{"line":46,"column":29}},"loc":{"start":{"line":46,"column":75},"end":{"line":74,"column":1}},"line":46},"3":{"name":"calculateVibeScore","decl":{"start":{"line":80,"column":9},"end":{"line":80,"column":27}},"loc":{"start":{"line":80,"column":73},"end":{"line":85,"column":1}},"line":80},"4":{"name":"calculateActivityScore","decl":{"start":{"line":91,"column":9},"end":{"line":91,"column":31}},"loc":{"start":{"line":94,"column":10},"end":{"line":104,"column":1}},"line":94},"5":{"name":"calculateSnowScore","decl":{"start":{"line":109,"column":9},"end":{"line":109,"column":27}},"loc":{"start":{"line":109,"column":52},"end":{"line":112,"column":1}},"line":109},"6":{"name":"calculateScores","decl":{"start":{"line":117,"column":16},"end":{"line":117,"column":31}},"loc":{"start":{"line":120,"column":19},"end":{"line":128,"column":1}},"line":120}},"branchMap":{"0":{"loc":{"start":{"line":13,"column":2},"end":{"line":22,"column":3}},"type":"if","locations":[{"start":{"line":13,"column":2},"end":{"line":22,"column":3}},{"start":{"line":16,"column":9},"end":{"line":22,"column":3}}],"line":13},"1":{"loc":{"start":{"line":16,"column":9},"end":{"line":22,"column":3}},"type":"if","locations":[{"start":{"line":16,"column":9},"end":{"line":22,"column":3}},{"start":{"line":19,"column":9},"end":{"line":22,"column":3}}],"line":16},"2":{"loc":{"start":{"line":61,"column":2},"end":{"line":73,"column":3}},"type":"if","locations":[{"start":{"line":61,"column":2},"end":{"line":73,"column":3}},{"start":{"line":66,"column":9},"end":{"line":73,"column":3}}],"line":61},"3":{"loc":{"start":{"line":61,"column":6},"end":{"line":61,"column":54}},"type":"binary-expr","locations":[{"start":{"line":61,"column":6},"end":{"line":61,"column":28}},{"start":{"line":61,"column":32},"end":{"line":61,"column":54}}],"line":61},"4":{"loc":{"start":{"line":66,"column":9},"end":{"line":73,"column":3}},"type":"if","locations":[{"start":{"line":66,"column":9},"end":{"line":73,"column":3}},{"start":{"line":69,"column":9},"end":{"line":73,"column":3}}],"line":66}},"s":{"0":112,"1":9,"2":103,"3":79,"4":24,"5":112,"6":112,"7":112,"8":112,"9":112,"10":112,"11":112,"12":112,"13":112,"14":58,"15":58,"16":58,"17":54,"18":19,"19":35,"20":35,"21":112,"22":112,"23":112,"24":112,"25":112,"26":112,"27":112,"28":112,"29":112},"f":{"0":112,"1":112,"2":112,"3":112,"4":112,"5":112,"6":112},"b":{"0":[9,103],"1":[79,24],"2":[58,54],"3":[112,93],"4":[19,35]},"_coverageSchema":"1a1c01bbd47fc00a2c39e90264f33305004495a9","hash":"08f9d4a3b5918d8cb3546c2c8a5685e41135849e"}
,"/Users/rorymacrae/Documents/Personal/experiments/activity/src/stores/favorites.ts": {"path":"/Users/rorymacrae/Documents/Personal/experiments/activity/src/stores/favorites.ts","statementMap":{"0":{"start":{"line":20,"column":33},"end":{"line":46,"column":1}},"1":{"start":{"line":22,"column":19},"end":{"line":40,"column":5}},"2":{"start":{"line":26,"column":8},"end":{"line":30,"column":11}},"3":{"start":{"line":26,"column":24},"end":{"line":30,"column":9}},"4":{"start":{"line":33,"column":8},"end":{"line":35,"column":11}},"5":{"start":{"line":33,"column":24},"end":{"line":35,"column":9}},"6":{"start":{"line":34,"column":56},"end":{"line":34,"column":71}},"7":{"start":{"line":37,"column":32},"end":{"line":37,"column":68}},"8":{"start":{"line":39,"column":22},"end":{"line":39,"column":46}},"9":{"start":{"line":43,"column":39},"end":{"line":43,"column":53}}},"fnMap":{"0":{"name":"(anonymous_0)","decl":{"start":{"line":22,"column":4},"end":{"line":22,"column":5}},"loc":{"start":{"line":22,"column":19},"end":{"line":40,"column":5}},"line":22},"1":{"name":"(anonymous_1)","decl":{"start":{"line":25,"column":19},"end":{"line":25,"column":20}},"loc":{"start":{"line":26,"column":8},"end":{"line":30,"column":11}},"line":26},"2":{"name":"(anonymous_2)","decl":{"start":{"line":26,"column":12},"end":{"line":26,"column":13}},"loc":{"start":{"line":26,"column":24},"end":{"line":30,"column":9}},"line":26},"3":{"name":"(anonymous_3)","decl":{"start":{"line":32,"column":22},"end":{"line":32,"column":23}},"loc":{"start":{"line":33,"column":8},"end":{"line":35,"column":11}},"line":33},"4":{"name":"(anonymous_4)","decl":{"start":{"line":33,"column":12},"end":{"line":33,"column":13}},"loc":{"start":{"line":33,"column":24},"end":{"line":35,"column":9}},"line":33},"5":{"name":"(anonymous_5)","decl":{"start":{"line":34,"column":48},"end":{"line":34,"column":49}},"loc":{"start":{"line":34,"column":56},"end":{"line":34,"column":71}},"line":34},"6":{"name":"(anonymous_6)","decl":{"start":{"line":37,"column":18},"end":{"line":37,"column":19}},"loc":{"start":{"line":37,"column":32},"end":{"line":37,"column":68}},"line":37},"7":{"name":"(anonymous_7)","decl":{"start":{"line":39,"column":16},"end":{"line":39,"column":17}},"loc":{"start":{"line":39,"column":22},"end":{"line":39,"column":46}},"line":39},"8":{"name":"(anonymous_8)","decl":{"start":{"line":43,"column":33},"end":{"line":43,"column":34}},"loc":{"start":{"line":43,"column":39},"end":{"line":43,"column":53}},"line":43}},"branchMap":{"0":{"loc":{"start":{"line":27,"column":23},"end":{"line":29,"column":46}},"type":"cond-expr","locations":[{"start":{"line":28,"column":14},"end":{"line":28,"column":31}},{"start":{"line":29,"column":14},"end":{"line":29,"column":46}}],"line":27}},"s":{"0":1,"1":1,"2":7,"3":7,"4":2,"5":2,"6":1,"7":2,"8":1,"9":1},"f":{"0":1,"1":7,"2":7,"3":2,"4":2,"5":1,"6":2,"7":1,"8":1},"b":{"0":[1,6]},"_coverageSchema":"1a1c01bbd47fc00a2c39e90264f33305004495a9","hash":"fb0e21aeb4be73fa0b25a752dcce5b4603b1c4ac"}
,"/Users/rorymacrae/Documents/Personal/experiments/activity/src/stores/index.ts": {"path":"/Users/rorymacrae/Documents/Personal/experiments/activity/src/stores/index.ts","statementMap":{},"fnMap":{},"branchMap":{},"s":{},"f":{},"b":{}}
,"/Users/rorymacrae/Documents/Personal/experiments/activity/src/stores/preferences.ts": {"path":"/Users/rorymacrae/Documents/Personal/experiments/activity/src/stores/preferences.ts","statementMap":{"0":{"start":{"line":30,"column":21},"end":{"line":38,"column":1}},"1":{"start":{"line":44,"column":35},"end":{"line":86,"column":1}},"2":{"start":{"line":46,"column":19},"end":{"line":80,"column":5}},"3":{"start":{"line":50,"column":8},"end":{"line":50,"column":50}},"4":{"start":{"line":52,"column":32},"end":{"line":52,"column":58}},"5":{"start":{"line":54,"column":33},"end":{"line":54,"column":60}},"6":{"start":{"line":56,"column":31},"end":{"line":56,"column":47}},"7":{"start":{"line":58,"column":37},"end":{"line":58,"column":68}},"8":{"start":{"line":60,"column":39},"end":{"line":60,"column":72}},"9":{"start":{"line":62,"column":36},"end":{"line":62,"column":66}},"10":{"start":{"line":64,"column":19},"end":{"line":64,"column":36}},"11":{"start":{"line":67,"column":22},"end":{"line":67,"column":27}},"12":{"start":{"line":68,"column":8},"end":{"line":78,"column":10}},"13":{"start":{"line":83,"column":39},"end":{"line":83,"column":53}}},"fnMap":{"0":{"name":"(anonymous_0)","decl":{"start":{"line":46,"column":4},"end":{"line":46,"column":5}},"loc":{"start":{"line":46,"column":19},"end":{"line":80,"column":5}},"line":46},"1":{"name":"(anonymous_1)","decl":{"start":{"line":49,"column":33},"end":{"line":49,"column":34}},"loc":{"start":{"line":50,"column":8},"end":{"line":50,"column":50}},"line":50},"2":{"name":"(anonymous_2)","decl":{"start":{"line":52,"column":21},"end":{"line":52,"column":22}},"loc":{"start":{"line":52,"column":32},"end":{"line":52,"column":58}},"line":52},"3":{"name":"(anonymous_3)","decl":{"start":{"line":54,"column":22},"end":{"line":54,"column":23}},"loc":{"start":{"line":54,"column":33},"end":{"line":54,"column":60}},"line":54},"4":{"name":"(anonymous_4)","decl":{"start":{"line":56,"column":18},"end":{"line":56,"column":19}},"loc":{"start":{"line":56,"column":31},"end":{"line":56,"column":47}},"line":56},"5":{"name":"(anonymous_5)","decl":{"start":{"line":58,"column":26},"end":{"line":58,"column":27}},"loc":{"start":{"line":58,"column":37},"end":{"line":58,"column":68}},"line":58},"6":{"name":"(anonymous_6)","decl":{"start":{"line":60,"column":28},"end":{"line":60,"column":29}},"loc":{"start":{"line":60,"column":39},"end":{"line":60,"column":72}},"line":60},"7":{"name":"(anonymous_7)","decl":{"start":{"line":62,"column":25},"end":{"line":62,"column":26}},"loc":{"start":{"line":62,"column":36},"end":{"line":62,"column":66}},"line":62},"8":{"name":"(anonymous_8)","decl":{"start":{"line":64,"column":13},"end":{"line":64,"column":14}},"loc":{"start":{"line":64,"column":19},"end":{"line":64,"column":36}},"line":64},"9":{"name":"(anonymous_9)","decl":{"start":{"line":66,"column":27},"end":{"line":66,"column":28}},"loc":{"start":{"line":66,"column":46},"end":{"line":79,"column":7}},"line":66},"10":{"name":"(anonymous_10)","decl":{"start":{"line":83,"column":33},"end":{"line":83,"column":34}},"loc":{"start":{"line":83,"column":39},"end":{"line":83,"column":53}},"line":83}},"branchMap":{"0":{"loc":{"start":{"line":69,"column":22},"end":{"line":69,"column":56}},"type":"binary-expr","locations":[{"start":{"line":69,"column":22},"end":{"line":69,"column":38}},{"start":{"line":69,"column":42},"end":{"line":69,"column":56}}],"line":69},"1":{"loc":{"start":{"line":70,"column":23},"end":{"line":70,"column":49}},"type":"binary-expr","locations":[{"start":{"line":70,"column":23},"end":{"line":70,"column":40}},{"start":{"line":70,"column":44},"end":{"line":70,"column":49}}],"line":70},"2":{"loc":{"start":{"line":72,"column":12},"end":{"line":74,"column":57}},"type":"cond-expr","locations":[{"start":{"line":73,"column":16},"end":{"line":73,"column":29}},{"start":{"line":74,"column":16},"end":{"line":74,"column":57}}],"line":72}},"s":{"0":1,"1":1,"2":1,"3":2,"4":3,"5":3,"6":2,"7":1,"8":1,"9":1,"10":1,"11":2,"12":2,"13":1},"f":{"0":1,"1":2,"2":3,"3":3,"4":2,"5":1,"6":1,"7":1,"8":1,"9":2,"10":1},"b":{"0":[2,1],"1":[2,1],"2":[1,1]},"_coverageSchema":"1a1c01bbd47fc00a2c39e90264f33305004495a9","hash":"552e8124811b0a8c355f8e647e6acbb932d1d9b1"}
}
