{"/Users/rorymacrae/Documents/Personal/experiments/activity/src/services/profile.ts": {"path":"/Users/rorymacrae/Documents/Personal/experiments/activity/src/services/profile.ts","statementMap":{"0":{"start":{"line":20,"column":2},"end":{"line":22,"column":3}},"1":{"start":{"line":21,"column":4},"end":{"line":21,"column":59}},"2":{"start":{"line":24,"column":20},"end":{"line":27,"column":21}},"3":{"start":{"line":29,"column":2},"end":{"line":29,"column":60}},"4":{"start":{"line":36,"column":2},"end":{"line":36,"column":54}},"5":{"start":{"line":36,"column":42},"end":{"line":36,"column":54}},"6":{"start":{"line":38,"column":19},"end":{"line":42,"column":13}},"7":{"start":{"line":44,"column":2},"end":{"line":44,"column":80}},"8":{"start":{"line":57,"column":2},"end":{"line":57,"column":52}},"9":{"start":{"line":57,"column":42},"end":{"line":57,"column":52}},"10":{"start":{"line":59,"column":26},"end":{"line":63,"column":46}},"11":{"start":{"line":65,"column":2},"end":{"line":68,"column":3}},"12":{"start":{"line":66,"column":4},"end":{"line":66,"column":68}},"13":{"start":{"line":67,"column":4},"end":{"line":67,"column":14}},"14":{"start":{"line":70,"column":2},"end":{"line":70,"column":20}},"15":{"start":{"line":85,"column":2},"end":{"line":87,"column":3}},"16":{"start":{"line":86,"column":4},"end":{"line":86,"column":59}},"17":{"start":{"line":89,"column":20},"end":{"line":100,"column":3}},"18":{"start":{"line":102,"column":2},"end":{"line":102,"column":60}},"19":{"start":{"line":112,"column":2},"end":{"line":114,"column":3}},"20":{"start":{"line":113,"column":4},"end":{"line":113,"column":59}},"21":{"start":{"line":116,"column":20},"end":{"line":120,"column":30}},"22":{"start":{"line":122,"column":2},"end":{"line":122,"column":60}},"23":{"start":{"line":132,"column":2},"end":{"line":132,"column":55}},"24":{"start":{"line":132,"column":42},"end":{"line":132,"column":55}},"25":{"start":{"line":134,"column":19},"end":{"line":139,"column":13}},"26":{"start":{"line":141,"column":2},"end":{"line":141,"column":23}},"27":{"start":{"line":163,"column":40},"end":{"line":166,"column":4}},"28":{"start":{"line":168,"column":25},"end":{"line":168,"column":45}},"29":{"start":{"line":169,"column":28},"end":{"line":169,"column":53}},"30":{"start":{"line":170,"column":23},"end":{"line":170,"column":40}},"31":{"start":{"line":172,"column":25},"end":{"line":176,"column":26}},"32":{"start":{"line":177,"column":31},"end":{"line":177,"column":69}},"33":{"start":{"line":179,"column":2},"end":{"line":185,"column":4}}},"fnMap":{"0":{"name":"setHomeAirport","decl":{"start":{"line":16,"column":22},"end":{"line":16,"column":36}},"loc":{"start":{"line":19,"column":36},"end":{"line":30,"column":1}},"line":19},"1":{"name":"getHomeAirport","decl":{"start":{"line":35,"column":22},"end":{"line":35,"column":36}},"loc":{"start":{"line":35,"column":77},"end":{"line":45,"column":1}},"line":35},"2":{"name":"getVisitedResorts","decl":{"start":{"line":54,"column":22},"end":{"line":54,"column":39}},"loc":{"start":{"line":56,"column":28},"end":{"line":71,"column":1}},"line":56},"3":{"name":"addVisitedResort","decl":{"start":{"line":76,"column":22},"end":{"line":76,"column":38}},"loc":{"start":{"line":84,"column":36},"end":{"line":103,"column":1}},"line":84},"4":{"name":"removeVisitedResort","decl":{"start":{"line":108,"column":22},"end":{"line":108,"column":41}},"loc":{"start":{"line":111,"column":36},"end":{"line":123,"column":1}},"line":111},"5":{"name":"hasVisitedResort","decl":{"start":{"line":128,"column":22},"end":{"line":128,"column":38}},"loc":{"start":{"line":131,"column":20},"end":{"line":142,"column":1}},"line":131},"6":{"name":"getProfileCompletionStatus","decl":{"start":{"line":159,"column":22},"end":{"line":159,"column":48}},"loc":{"start":{"line":162,"column":36},"end":{"line":186,"column":1}},"line":162}},"branchMap":{"0":{"loc":{"start":{"line":20,"column":2},"end":{"line":22,"column":3}},"type":"if","locations":[{"start":{"line":20,"column":2},"end":{"line":22,"column":3}},{"start":{},"end":{}}],"line":20},"1":{"loc":{"start":{"line":20,"column":6},"end":{"line":20,"column":40}},"type":"binary-expr","locations":[{"start":{"line":20,"column":6},"end":{"line":20,"column":15}},{"start":{"line":20,"column":19},"end":{"line":20,"column":40}}],"line":20},"2":{"loc":{"start":{"line":29,"column":18},"end":{"line":29,"column":57}},"type":"cond-expr","locations":[{"start":{"line":29,"column":26},"end":{"line":29,"column":50}},{"start":{"line":29,"column":53},"end":{"line":29,"column":57}}],"line":29},"3":{"loc":{"start":{"line":36,"column":2},"end":{"line":36,"column":54}},"type":"if","locations":[{"start":{"line":36,"column":2},"end":{"line":36,"column":54}},{"start":{},"end":{}}],"line":36},"4":{"loc":{"start":{"line":36,"column":6},"end":{"line":36,"column":40}},"type":"binary-expr","locations":[{"start":{"line":36,"column":6},"end":{"line":36,"column":15}},{"start":{"line":36,"column":19},"end":{"line":36,"column":40}}],"line":36},"5":{"loc":{"start":{"line":44,"column":9},"end":{"line":44,"column":79}},"type":"binary-expr","locations":[{"start":{"line":44,"column":9},"end":{"line":44,"column":71}},{"start":{"line":44,"column":75},"end":{"line":44,"column":79}}],"line":44},"6":{"loc":{"start":{"line":57,"column":2},"end":{"line":57,"column":52}},"type":"if","locations":[{"start":{"line":57,"column":2},"end":{"line":57,"column":52}},{"start":{},"end":{}}],"line":57},"7":{"loc":{"start":{"line":57,"column":6},"end":{"line":57,"column":40}},"type":"binary-expr","locations":[{"start":{"line":57,"column":6},"end":{"line":57,"column":15}},{"start":{"line":57,"column":19},"end":{"line":57,"column":40}}],"line":57},"8":{"loc":{"start":{"line":65,"column":2},"end":{"line":68,"column":3}},"type":"if","locations":[{"start":{"line":65,"column":2},"end":{"line":68,"column":3}},{"start":{},"end":{}}],"line":65},"9":{"loc":{"start":{"line":70,"column":9},"end":{"line":70,"column":19}},"type":"binary-expr","locations":[{"start":{"line":70,"column":9},"end":{"line":70,"column":13}},{"start":{"line":70,"column":17},"end":{"line":70,"column":19}}],"line":70},"10":{"loc":{"start":{"line":85,"column":2},"end":{"line":87,"column":3}},"type":"if","locations":[{"start":{"line":85,"column":2},"end":{"line":87,"column":3}},{"start":{},"end":{}}],"line":85},"11":{"loc":{"start":{"line":85,"column":6},"end":{"line":85,"column":40}},"type":"binary-expr","locations":[{"start":{"line":85,"column":6},"end":{"line":85,"column":15}},{"start":{"line":85,"column":19},"end":{"line":85,"column":40}}],"line":85},"12":{"loc":{"start":{"line":93,"column":18},"end":{"line":93,"column":59}},"type":"binary-expr","locations":[{"start":{"line":93,"column":18},"end":{"line":93,"column":51}},{"start":{"line":93,"column":55},"end":{"line":93,"column":59}}],"line":93},"13":{"loc":{"start":{"line":94,"column":13},"end":{"line":94,"column":35}},"type":"binary-expr","locations":[{"start":{"line":94,"column":13},"end":{"line":94,"column":27}},{"start":{"line":94,"column":31},"end":{"line":94,"column":35}}],"line":94},"14":{"loc":{"start":{"line":95,"column":14},"end":{"line":95,"column":37}},"type":"binary-expr","locations":[{"start":{"line":95,"column":14},"end":{"line":95,"column":29}},{"start":{"line":95,"column":33},"end":{"line":95,"column":37}}],"line":95},"15":{"loc":{"start":{"line":102,"column":18},"end":{"line":102,"column":57}},"type":"cond-expr","locations":[{"start":{"line":102,"column":26},"end":{"line":102,"column":50}},{"start":{"line":102,"column":53},"end":{"line":102,"column":57}}],"line":102},"16":{"loc":{"start":{"line":112,"column":2},"end":{"line":114,"column":3}},"type":"if","locations":[{"start":{"line":112,"column":2},"end":{"line":114,"column":3}},{"start":{},"end":{}}],"line":112},"17":{"loc":{"start":{"line":112,"column":6},"end":{"line":112,"column":40}},"type":"binary-expr","locations":[{"start":{"line":112,"column":6},"end":{"line":112,"column":15}},{"start":{"line":112,"column":19},"end":{"line":112,"column":40}}],"line":112},"18":{"loc":{"start":{"line":122,"column":18},"end":{"line":122,"column":57}},"type":"cond-expr","locations":[{"start":{"line":122,"column":26},"end":{"line":122,"column":50}},{"start":{"line":122,"column":53},"end":{"line":122,"column":57}}],"line":122},"19":{"loc":{"start":{"line":132,"column":2},"end":{"line":132,"column":55}},"type":"if","locations":[{"start":{"line":132,"column":2},"end":{"line":132,"column":55}},{"start":{},"end":{}}],"line":132},"20":{"loc":{"start":{"line":132,"column":6},"end":{"line":132,"column":40}},"type":"binary-expr","locations":[{"start":{"line":132,"column":6},"end":{"line":132,"column":15}},{"start":{"line":132,"column":19},"end":{"line":132,"column":40}}],"line":132}},"s":{"0":0,"1":0,"2":0,"3":0,"4":0,"5":0,"6":0,"7":0,"8":0,"9":0,"10":0,"11":0,"12":0,"13":0,"14":0,"15":0,"16":0,"17":0,"18":0,"19":0,"20":0,"21":0,"22":0,"23":0,"24":0,"25":0,"26":0,"27":0,"28":0,"29":0,"30":0,"31":0,"32":0,"33":0},"f":{"0":0,"1":0,"2":0,"3":0,"4":0,"5":0,"6":0},"b":{"0":[0,0],"1":[0,0],"2":[0,0],"3":[0,0],"4":[0,0],"5":[0,0],"6":[0,0],"7":[0,0],"8":[0,0],"9":[0,0],"10":[0,0],"11":[0,0],"12":[0,0],"13":[0,0],"14":[0,0],"15":[0,0],"16":[0,0],"17":[0,0],"18":[0,0],"19":[0,0],"20":[0,0]}}
,"/Users/rorymacrae/Documents/Personal/experiments/activity/src/services/resort.ts": {"path":"/Users/rorymacrae/Documents/Personal/experiments/activity/src/services/resort.ts","statementMap":{"0":{"start":{"line":43,"column":20},"end":{"line":43,"column":65}},"1":{"start":{"line":45,"column":4},"end":{"line":51,"column":56}},"2":{"start":{"line":53,"column":2},"end":{"line":116,"column":4}},"3":{"start":{"line":123,"column":37},"end":{"line":123,"column":41}},"4":{"start":{"line":124,"column":21},"end":{"line":124,"column":22}},"5":{"start":{"line":125,"column":21},"end":{"line":125,"column":34}},"6":{"start":{"line":131,"column":2},"end":{"line":131,"column":23}},"7":{"start":{"line":132,"column":2},"end":{"line":132,"column":21}},"8":{"start":{"line":144,"column":2},"end":{"line":146,"column":3}},"9":{"start":{"line":145,"column":4},"end":{"line":145,"column":25}},"10":{"start":{"line":147,"column":17},"end":{"line":147,"column":25}},"11":{"start":{"line":150,"column":2},"end":{"line":152,"column":3}},"12":{"start":{"line":151,"column":4},"end":{"line":151,"column":25}},"13":{"start":{"line":161,"column":23},"end":{"line":168,"column":4}},"14":{"start":{"line":162,"column":4},"end":{"line":167,"column":28}},"15":{"start":{"line":170,"column":25},"end":{"line":172,"column":3}},"16":{"start":{"line":171,"column":4},"end":{"line":171,"column":71}},"17":{"start":{"line":171,"column":21},"end":{"line":171,"column":64}},"18":{"start":{"line":174,"column":2},"end":{"line":192,"column":3}},"19":{"start":{"line":175,"column":28},"end":{"line":175,"column":78}},"20":{"start":{"line":177,"column":4},"end":{"line":180,"column":5}},"21":{"start":{"line":178,"column":6},"end":{"line":178,"column":76}},"22":{"start":{"line":179,"column":6},"end":{"line":179,"column":18}},"23":{"start":{"line":182,"column":4},"end":{"line":184,"column":5}},"24":{"start":{"line":183,"column":6},"end":{"line":183,"column":18}},"25":{"start":{"line":186,"column":4},"end":{"line":186,"column":75}},"26":{"start":{"line":187,"column":4},"end":{"line":187,"column":32}},"27":{"start":{"line":188,"column":4},"end":{"line":188,"column":25}},"28":{"start":{"line":190,"column":4},"end":{"line":190,"column":55}},"29":{"start":{"line":191,"column":4},"end":{"line":191,"column":16}},"30":{"start":{"line":199,"column":2},"end":{"line":201,"column":3}},"31":{"start":{"line":200,"column":4},"end":{"line":200,"column":16}},"32":{"start":{"line":204,"column":2},"end":{"line":207,"column":3}},"33":{"start":{"line":205,"column":19},"end":{"line":205,"column":57}},"34":{"start":{"line":205,"column":45},"end":{"line":205,"column":56}},"35":{"start":{"line":206,"column":4},"end":{"line":206,"column":30}},"36":{"start":{"line":206,"column":16},"end":{"line":206,"column":30}},"37":{"start":{"line":209,"column":2},"end":{"line":223,"column":3}},"38":{"start":{"line":210,"column":28},"end":{"line":214,"column":15}},"39":{"start":{"line":216,"column":4},"end":{"line":218,"column":5}},"40":{"start":{"line":217,"column":6},"end":{"line":217,"column":18}},"41":{"start":{"line":220,"column":4},"end":{"line":220,"column":58}},"42":{"start":{"line":222,"column":4},"end":{"line":222,"column":16}},"43":{"start":{"line":235,"column":23},"end":{"line":235,"column":48}},"44":{"start":{"line":236,"column":2},"end":{"line":236,"column":28}},"45":{"start":{"line":245,"column":2},"end":{"line":245,"column":29}},"46":{"start":{"line":254,"column":22},"end":{"line":254,"column":52}},"47":{"start":{"line":255,"column":2},"end":{"line":255,"column":34}},"48":{"start":{"line":262,"column":2},"end":{"line":262,"column":49}},"49":{"start":{"line":262,"column":36},"end":{"line":262,"column":47}},"50":{"start":{"line":269,"column":21},"end":{"line":269,"column":40}},"51":{"start":{"line":271,"column":2},"end":{"line":271,"column":48}},"52":{"start":{"line":271,"column":30},"end":{"line":271,"column":48}},"53":{"start":{"line":273,"column":46},"end":{"line":279,"column":3}},"54":{"start":{"line":281,"column":27},"end":{"line":281,"column":73}},"55":{"start":{"line":281,"column":53},"end":{"line":281,"column":72}},"56":{"start":{"line":283,"column":2},"end":{"line":285,"column":4}},"57":{"start":{"line":284,"column":4},"end":{"line":284,"column":45}},"58":{"start":{"line":296,"column":21},"end":{"line":296,"column":47}},"59":{"start":{"line":299,"column":2},"end":{"line":299,"column":56}},"60":{"start":{"line":299,"column":38},"end":{"line":299,"column":56}},"61":{"start":{"line":301,"column":46},"end":{"line":307,"column":3}},"62":{"start":{"line":310,"column":27},"end":{"line":312,"column":3}},"63":{"start":{"line":311,"column":12},"end":{"line":311,"column":33}},"64":{"start":{"line":314,"column":2},"end":{"line":314,"column":82}},"65":{"start":{"line":314,"column":39},"end":{"line":314,"column":80}},"66":{"start":{"line":322,"column":2},"end":{"line":322,"column":34}},"67":{"start":{"line":322,"column":24},"end":{"line":322,"column":34}},"68":{"start":{"line":325,"column":2},"end":{"line":328,"column":3}},"69":{"start":{"line":326,"column":19},"end":{"line":326,"column":66}},"70":{"start":{"line":326,"column":47},"end":{"line":326,"column":65}},"71":{"start":{"line":327,"column":4},"end":{"line":327,"column":52}},"72":{"start":{"line":327,"column":38},"end":{"line":327,"column":52}},"73":{"start":{"line":330,"column":2},"end":{"line":332,"column":3}},"74":{"start":{"line":331,"column":4},"end":{"line":331,"column":14}},"75":{"start":{"line":334,"column":2},"end":{"line":347,"column":3}},"76":{"start":{"line":335,"column":28},"end":{"line":338,"column":20}},"77":{"start":{"line":340,"column":4},"end":{"line":342,"column":5}},"78":{"start":{"line":341,"column":6},"end":{"line":341,"column":16}},"79":{"start":{"line":344,"column":4},"end":{"line":344,"column":66}},"80":{"start":{"line":346,"column":4},"end":{"line":346,"column":14}},"81":{"start":{"line":357,"column":2},"end":{"line":359,"column":3}},"82":{"start":{"line":358,"column":4},"end":{"line":358,"column":14}},"83":{"start":{"line":360,"column":17},"end":{"line":360,"column":25}},"84":{"start":{"line":368,"column":23},"end":{"line":374,"column":4}},"85":{"start":{"line":369,"column":4},"end":{"line":373,"column":28}},"86":{"start":{"line":376,"column":25},"end":{"line":378,"column":3}},"87":{"start":{"line":377,"column":4},"end":{"line":377,"column":78}},"88":{"start":{"line":377,"column":21},"end":{"line":377,"column":71}},"89":{"start":{"line":380,"column":2},"end":{"line":398,"column":3}},"90":{"start":{"line":381,"column":28},"end":{"line":381,"column":78}},"91":{"start":{"line":383,"column":4},"end":{"line":386,"column":5}},"92":{"start":{"line":384,"column":6},"end":{"line":384,"column":69}},"93":{"start":{"line":385,"column":6},"end":{"line":385,"column":16}},"94":{"start":{"line":389,"column":43},"end":{"line":389,"column":45}},"95":{"start":{"line":390,"column":4},"end":{"line":392,"column":7}},"96":{"start":{"line":391,"column":6},"end":{"line":391,"column":59}},"97":{"start":{"line":394,"column":4},"end":{"line":394,"column":18}},"98":{"start":{"line":396,"column":4},"end":{"line":396,"column":55}},"99":{"start":{"line":397,"column":4},"end":{"line":397,"column":14}},"100":{"start":{"line":406,"column":2},"end":{"line":406,"column":28}},"101":{"start":{"line":418,"column":14},"end":{"line":418,"column":15}},"102":{"start":{"line":421,"column":2},"end":{"line":421,"column":56}},"103":{"start":{"line":421,"column":44},"end":{"line":421,"column":56}},"104":{"start":{"line":422,"column":2},"end":{"line":422,"column":54}},"105":{"start":{"line":422,"column":42},"end":{"line":422,"column":54}},"106":{"start":{"line":425,"column":20},"end":{"line":427,"column":3}},"107":{"start":{"line":428,"column":2},"end":{"line":430,"column":38}},"108":{"start":{"line":428,"column":22},"end":{"line":428,"column":34}},"109":{"start":{"line":429,"column":7},"end":{"line":430,"column":38}},"110":{"start":{"line":429,"column":27},"end":{"line":429,"column":39}},"111":{"start":{"line":430,"column":7},"end":{"line":430,"column":38}},"112":{"start":{"line":430,"column":27},"end":{"line":430,"column":38}},"113":{"start":{"line":433,"column":19},"end":{"line":433,"column":75}},"114":{"start":{"line":434,"column":2},"end":{"line":436,"column":38}},"115":{"start":{"line":434,"column":21},"end":{"line":434,"column":33}},"116":{"start":{"line":435,"column":7},"end":{"line":436,"column":38}},"117":{"start":{"line":435,"column":26},"end":{"line":435,"column":38}},"118":{"start":{"line":436,"column":7},"end":{"line":436,"column":38}},"119":{"start":{"line":436,"column":27},"end":{"line":436,"column":38}},"120":{"start":{"line":439,"column":22},"end":{"line":441,"column":3}},"121":{"start":{"line":442,"column":2},"end":{"line":444,"column":40}},"122":{"start":{"line":442,"column":24},"end":{"line":442,"column":36}},"123":{"start":{"line":443,"column":7},"end":{"line":444,"column":40}},"124":{"start":{"line":443,"column":29},"end":{"line":443,"column":41}},"125":{"start":{"line":444,"column":7},"end":{"line":444,"column":40}},"126":{"start":{"line":444,"column":29},"end":{"line":444,"column":40}},"127":{"start":{"line":447,"column":19},"end":{"line":449,"column":3}},"128":{"start":{"line":450,"column":2},"end":{"line":451,"column":37}},"129":{"start":{"line":450,"column":21},"end":{"line":450,"column":33}},"130":{"start":{"line":451,"column":7},"end":{"line":451,"column":37}},"131":{"start":{"line":451,"column":26},"end":{"line":451,"column":37}},"132":{"start":{"line":453,"column":2},"end":{"line":453,"column":15}},"133":{"start":{"line":464,"column":17},"end":{"line":464,"column":51}},"134":{"start":{"line":465,"column":2},"end":{"line":465,"column":25}},"135":{"start":{"line":465,"column":15},"end":{"line":465,"column":25}},"136":{"start":{"line":467,"column":21},"end":{"line":467,"column":47}},"137":{"start":{"line":469,"column":2},"end":{"line":477,"column":26}},"138":{"start":{"line":470,"column":19},"end":{"line":470,"column":36}},"139":{"start":{"line":471,"column":17},"end":{"line":474,"column":5}},"140":{"start":{"line":475,"column":20},"end":{"line":475,"column":37}},"141":{"start":{"line":477,"column":16},"end":{"line":477,"column":24}}},"fnMap":{"0":{"name":"supabaseRowToResort","decl":{"start":{"line":41,"column":9},"end":{"line":41,"column":28}},"loc":{"start":{"line":41,"column":61},"end":{"line":117,"column":1}},"line":41},"1":{"name":"clearResortCache","decl":{"start":{"line":130,"column":16},"end":{"line":130,"column":32}},"loc":{"start":{"line":130,"column":41},"end":{"line":133,"column":1}},"line":130},"2":{"name":"fetchCloudResorts","decl":{"start":{"line":143,"column":15},"end":{"line":143,"column":32}},"loc":{"start":{"line":143,"column":61},"end":{"line":193,"column":1}},"line":143},"3":{"name":"(anonymous_3)","decl":{"start":{"line":161,"column":48},"end":{"line":161,"column":49}},"loc":{"start":{"line":161,"column":69},"end":{"line":168,"column":3}},"line":161},"4":{"name":"(anonymous_4)","decl":{"start":{"line":170,"column":44},"end":{"line":170,"column":45}},"loc":{"start":{"line":171,"column":4},"end":{"line":171,"column":71}},"line":171},"5":{"name":"(anonymous_5)","decl":{"start":{"line":171,"column":15},"end":{"line":171,"column":16}},"loc":{"start":{"line":171,"column":21},"end":{"line":171,"column":64}},"line":171},"6":{"name":"fetchCloudResortById","decl":{"start":{"line":198,"column":15},"end":{"line":198,"column":35}},"loc":{"start":{"line":198,"column":72},"end":{"line":224,"column":1}},"line":198},"7":{"name":"(anonymous_7)","decl":{"start":{"line":205,"column":38},"end":{"line":205,"column":39}},"loc":{"start":{"line":205,"column":45},"end":{"line":205,"column":56}},"line":205},"8":{"name":"getAllResortsAsync","decl":{"start":{"line":234,"column":22},"end":{"line":234,"column":40}},"loc":{"start":{"line":234,"column":62},"end":{"line":237,"column":1}},"line":234},"9":{"name":"getAllResorts","decl":{"start":{"line":244,"column":16},"end":{"line":244,"column":29}},"loc":{"start":{"line":244,"column":42},"end":{"line":246,"column":1}},"line":244},"10":{"name":"getResortByIdAsync","decl":{"start":{"line":251,"column":22},"end":{"line":251,"column":40}},"loc":{"start":{"line":253,"column":31},"end":{"line":256,"column":1}},"line":253},"11":{"name":"getResortById","decl":{"start":{"line":261,"column":16},"end":{"line":261,"column":29}},"loc":{"start":{"line":261,"column":62},"end":{"line":263,"column":1}},"line":261},"12":{"name":"(anonymous_12)","decl":{"start":{"line":262,"column":29},"end":{"line":262,"column":30}},"loc":{"start":{"line":262,"column":36},"end":{"line":262,"column":47}},"line":262},"13":{"name":"getResortsByRegion","decl":{"start":{"line":268,"column":16},"end":{"line":268,"column":34}},"loc":{"start":{"line":268,"column":66},"end":{"line":286,"column":1}},"line":268},"14":{"name":"(anonymous_14)","decl":{"start":{"line":281,"column":45},"end":{"line":281,"column":46}},"loc":{"start":{"line":281,"column":53},"end":{"line":281,"column":72}},"line":281},"15":{"name":"(anonymous_15)","decl":{"start":{"line":283,"column":27},"end":{"line":283,"column":28}},"loc":{"start":{"line":284,"column":4},"end":{"line":284,"column":45}},"line":284},"16":{"name":"getResortsByRegionAsync","decl":{"start":{"line":293,"column":22},"end":{"line":293,"column":45}},"loc":{"start":{"line":295,"column":21},"end":{"line":315,"column":1}},"line":295},"17":{"name":"(anonymous_17)","decl":{"start":{"line":311,"column":4},"end":{"line":311,"column":5}},"loc":{"start":{"line":311,"column":12},"end":{"line":311,"column":33}},"line":311},"18":{"name":"(anonymous_18)","decl":{"start":{"line":314,"column":27},"end":{"line":314,"column":28}},"loc":{"start":{"line":314,"column":39},"end":{"line":314,"column":80}},"line":314},"19":{"name":"getResortsByIds","decl":{"start":{"line":321,"column":22},"end":{"line":321,"column":37}},"loc":{"start":{"line":321,"column":72},"end":{"line":348,"column":1}},"line":321},"20":{"name":"(anonymous_20)","decl":{"start":{"line":326,"column":40},"end":{"line":326,"column":41}},"loc":{"start":{"line":326,"column":47},"end":{"line":326,"column":65}},"line":326},"21":{"name":"getResortCountsByCountry","decl":{"start":{"line":354,"column":22},"end":{"line":354,"column":46}},"loc":{"start":{"line":356,"column":2},"end":{"line":399,"column":1}},"line":356},"22":{"name":"(anonymous_22)","decl":{"start":{"line":368,"column":50},"end":{"line":368,"column":51}},"loc":{"start":{"line":368,"column":71},"end":{"line":374,"column":3}},"line":368},"23":{"name":"(anonymous_23)","decl":{"start":{"line":376,"column":44},"end":{"line":376,"column":45}},"loc":{"start":{"line":377,"column":4},"end":{"line":377,"column":78}},"line":377},"24":{"name":"(anonymous_24)","decl":{"start":{"line":377,"column":15},"end":{"line":377,"column":16}},"loc":{"start":{"line":377,"column":21},"end":{"line":377,"column":71}},"line":377},"25":{"name":"(anonymous_25)","decl":{"start":{"line":390,"column":17},"end":{"line":390,"column":18}},"loc":{"start":{"line":390,"column":47},"end":{"line":392,"column":5}},"line":390},"26":{"name":"preloadResorts","decl":{"start":{"line":405,"column":22},"end":{"line":405,"column":36}},"loc":{"start":{"line":405,"column":54},"end":{"line":407,"column":1}},"line":405},"27":{"name":"computeSimilarity","decl":{"start":{"line":417,"column":9},"end":{"line":417,"column":26}},"loc":{"start":{"line":417,"column":70},"end":{"line":454,"column":1}},"line":417},"28":{"name":"getSimilarResorts","decl":{"start":{"line":460,"column":22},"end":{"line":460,"column":39}},"loc":{"start":{"line":463,"column":21},"end":{"line":478,"column":1}},"line":463},"29":{"name":"(anonymous_29)","decl":{"start":{"line":470,"column":12},"end":{"line":470,"column":13}},"loc":{"start":{"line":470,"column":19},"end":{"line":470,"column":36}},"line":470},"30":{"name":"(anonymous_30)","decl":{"start":{"line":471,"column":9},"end":{"line":471,"column":10}},"loc":{"start":{"line":471,"column":17},"end":{"line":474,"column":5}},"line":471},"31":{"name":"(anonymous_31)","decl":{"start":{"line":475,"column":10},"end":{"line":475,"column":11}},"loc":{"start":{"line":475,"column":20},"end":{"line":475,"column":37}},"line":475},"32":{"name":"(anonymous_32)","decl":{"start":{"line":477,"column":9},"end":{"line":477,"column":10}},"loc":{"start":{"line":477,"column":16},"end":{"line":477,"column":24}},"line":477}},"branchMap":{"0":{"loc":{"start":{"line":45,"column":4},"end":{"line":51,"column":56}},"type":"cond-expr","locations":[{"start":{"line":46,"column":8},"end":{"line":50,"column":9}},{"start":{"line":51,"column":8},"end":{"line":51,"column":56}}],"line":45},"1":{"loc":{"start":{"line":70,"column":17},"end":{"line":70,"column":38}},"type":"cond-expr","locations":[{"start":{"line":70,"column":33},"end":{"line":70,"column":34}},{"start":{"line":70,"column":37},"end":{"line":70,"column":38}}],"line":70},"2":{"loc":{"start":{"line":77,"column":19},"end":{"line":77,"column":44}},"type":"cond-expr","locations":[{"start":{"line":77,"column":39},"end":{"line":77,"column":40}},{"start":{"line":77,"column":43},"end":{"line":77,"column":44}}],"line":77},"3":{"loc":{"start":{"line":78,"column":22},"end":{"line":78,"column":52}},"type":"cond-expr","locations":[{"start":{"line":78,"column":47},"end":{"line":78,"column":48}},{"start":{"line":78,"column":51},"end":{"line":78,"column":52}}],"line":78},"4":{"loc":{"start":{"line":80,"column":21},"end":{"line":80,"column":51}},"type":"cond-expr","locations":[{"start":{"line":80,"column":46},"end":{"line":80,"column":47}},{"start":{"line":80,"column":50},"end":{"line":80,"column":51}}],"line":80},"5":{"loc":{"start":{"line":84,"column":17},"end":{"line":88,"column":33}},"type":"cond-expr","locations":[{"start":{"line":85,"column":10},"end":{"line":85,"column":25}},{"start":{"line":86,"column":10},"end":{"line":88,"column":33}}],"line":84},"6":{"loc":{"start":{"line":86,"column":10},"end":{"line":88,"column":33}},"type":"cond-expr","locations":[{"start":{"line":87,"column":12},"end":{"line":87,"column":27}},{"start":{"line":88,"column":12},"end":{"line":88,"column":33}}],"line":86},"7":{"loc":{"start":{"line":90,"column":23},"end":{"line":90,"column":64}},"type":"cond-expr","locations":[{"start":{"line":90,"column":39},"end":{"line":90,"column":59}},{"start":{"line":90,"column":62},"end":{"line":90,"column":64}}],"line":90},"8":{"loc":{"start":{"line":96,"column":8},"end":{"line":96,"column":50}},"type":"cond-expr","locations":[{"start":{"line":96,"column":28},"end":{"line":96,"column":45}},{"start":{"line":96,"column":48},"end":{"line":96,"column":50}}],"line":96},"9":{"loc":{"start":{"line":97,"column":8},"end":{"line":97,"column":40}},"type":"cond-expr","locations":[{"start":{"line":97,"column":24},"end":{"line":97,"column":35}},{"start":{"line":97,"column":38},"end":{"line":97,"column":40}}],"line":97},"10":{"loc":{"start":{"line":98,"column":8},"end":{"line":100,"column":14}},"type":"cond-expr","locations":[{"start":{"line":99,"column":12},"end":{"line":99,"column":61}},{"start":{"line":100,"column":12},"end":{"line":100,"column":14}}],"line":98},"11":{"loc":{"start":{"line":99,"column":32},"end":{"line":99,"column":59}},"type":"binary-expr","locations":[{"start":{"line":99,"column":32},"end":{"line":99,"column":50}},{"start":{"line":99,"column":54},"end":{"line":99,"column":59}}],"line":99},"12":{"loc":{"start":{"line":104,"column":17},"end":{"line":106,"column":38}},"type":"cond-expr","locations":[{"start":{"line":105,"column":10},"end":{"line":105,"column":76}},{"start":{"line":106,"column":10},"end":{"line":106,"column":38}}],"line":104},"13":{"loc":{"start":{"line":144,"column":2},"end":{"line":146,"column":3}},"type":"if","locations":[{"start":{"line":144,"column":2},"end":{"line":146,"column":3}},{"start":{},"end":{}}],"line":144},"14":{"loc":{"start":{"line":144,"column":6},"end":{"line":144,"column":40}},"type":"binary-expr","locations":[{"start":{"line":144,"column":6},"end":{"line":144,"column":15}},{"start":{"line":144,"column":19},"end":{"line":144,"column":40}}],"line":144},"15":{"loc":{"start":{"line":150,"column":2},"end":{"line":152,"column":3}},"type":"if","locations":[{"start":{"line":150,"column":2},"end":{"line":152,"column":3}},{"start":{},"end":{}}],"line":150},"16":{"loc":{"start":{"line":150,"column":6},"end":{"line":150,"column":65}},"type":"binary-expr","locations":[{"start":{"line":150,"column":6},"end":{"line":150,"column":19}},{"start":{"line":150,"column":23},"end":{"line":150,"column":65}}],"line":150},"17":{"loc":{"start":{"line":177,"column":4},"end":{"line":180,"column":5}},"type":"if","locations":[{"start":{"line":177,"column":4},"end":{"line":180,"column":5}},{"start":{},"end":{}}],"line":177},"18":{"loc":{"start":{"line":182,"column":4},"end":{"line":184,"column":5}},"type":"if","locations":[{"start":{"line":182,"column":4},"end":{"line":184,"column":5}},{"start":{},"end":{}}],"line":182},"19":{"loc":{"start":{"line":182,"column":8},"end":{"line":182,"column":34}},"type":"binary-expr","locations":[{"start":{"line":182,"column":8},"end":{"line":182,"column":13}},{"start":{"line":182,"column":17},"end":{"line":182,"column":34}}],"line":182},"20":{"loc":{"start":{"line":199,"column":2},"end":{"line":201,"column":3}},"type":"if","locations":[{"start":{"line":199,"column":2},"end":{"line":201,"column":3}},{"start":{},"end":{}}],"line":199},"21":{"loc":{"start":{"line":199,"column":6},"end":{"line":199,"column":40}},"type":"binary-expr","locations":[{"start":{"line":199,"column":6},"end":{"line":199,"column":15}},{"start":{"line":199,"column":19},"end":{"line":199,"column":40}}],"line":199},"22":{"loc":{"start":{"line":204,"column":2},"end":{"line":207,"column":3}},"type":"if","locations":[{"start":{"line":204,"column":2},"end":{"line":207,"column":3}},{"start":{},"end":{}}],"line":204},"23":{"loc":{"start":{"line":206,"column":4},"end":{"line":206,"column":30}},"type":"if","locations":[{"start":{"line":206,"column":4},"end":{"line":206,"column":30}},{"start":{},"end":{}}],"line":206},"24":{"loc":{"start":{"line":216,"column":4},"end":{"line":218,"column":5}},"type":"if","locations":[{"start":{"line":216,"column":4},"end":{"line":218,"column":5}},{"start":{},"end":{}}],"line":216},"25":{"loc":{"start":{"line":216,"column":8},"end":{"line":216,"column":22}},"type":"binary-expr","locations":[{"start":{"line":216,"column":8},"end":{"line":216,"column":13}},{"start":{"line":216,"column":17},"end":{"line":216,"column":22}}],"line":216},"26":{"loc":{"start":{"line":236,"column":9},"end":{"line":236,"column":27}},"type":"binary-expr","locations":[{"start":{"line":236,"column":9},"end":{"line":236,"column":21}},{"start":{"line":236,"column":25},"end":{"line":236,"column":27}}],"line":236},"27":{"loc":{"start":{"line":245,"column":9},"end":{"line":245,"column":28}},"type":"binary-expr","locations":[{"start":{"line":245,"column":9},"end":{"line":245,"column":22}},{"start":{"line":245,"column":26},"end":{"line":245,"column":28}}],"line":245},"28":{"loc":{"start":{"line":255,"column":9},"end":{"line":255,"column":33}},"type":"binary-expr","locations":[{"start":{"line":255,"column":9},"end":{"line":255,"column":20}},{"start":{"line":255,"column":24},"end":{"line":255,"column":33}}],"line":255},"29":{"loc":{"start":{"line":269,"column":21},"end":{"line":269,"column":40}},"type":"binary-expr","locations":[{"start":{"line":269,"column":21},"end":{"line":269,"column":34}},{"start":{"line":269,"column":38},"end":{"line":269,"column":40}}],"line":269},"30":{"loc":{"start":{"line":271,"column":2},"end":{"line":271,"column":48}},"type":"if","locations":[{"start":{"line":271,"column":2},"end":{"line":271,"column":48}},{"start":{},"end":{}}],"line":271},"31":{"loc":{"start":{"line":281,"column":53},"end":{"line":281,"column":72}},"type":"binary-expr","locations":[{"start":{"line":281,"column":53},"end":{"line":281,"column":66}},{"start":{"line":281,"column":70},"end":{"line":281,"column":72}}],"line":281},"32":{"loc":{"start":{"line":299,"column":2},"end":{"line":299,"column":56}},"type":"if","locations":[{"start":{"line":299,"column":2},"end":{"line":299,"column":56}},{"start":{},"end":{}}],"line":299},"33":{"loc":{"start":{"line":311,"column":12},"end":{"line":311,"column":33}},"type":"binary-expr","locations":[{"start":{"line":311,"column":12},"end":{"line":311,"column":25}},{"start":{"line":311,"column":29},"end":{"line":311,"column":33}}],"line":311},"34":{"loc":{"start":{"line":322,"column":2},"end":{"line":322,"column":34}},"type":"if","locations":[{"start":{"line":322,"column":2},"end":{"line":322,"column":34}},{"start":{},"end":{}}],"line":322},"35":{"loc":{"start":{"line":325,"column":2},"end":{"line":328,"column":3}},"type":"if","locations":[{"start":{"line":325,"column":2},"end":{"line":328,"column":3}},{"start":{},"end":{}}],"line":325},"36":{"loc":{"start":{"line":327,"column":4},"end":{"line":327,"column":52}},"type":"if","locations":[{"start":{"line":327,"column":4},"end":{"line":327,"column":52}},{"start":{},"end":{}}],"line":327},"37":{"loc":{"start":{"line":330,"column":2},"end":{"line":332,"column":3}},"type":"if","locations":[{"start":{"line":330,"column":2},"end":{"line":332,"column":3}},{"start":{},"end":{}}],"line":330},"38":{"loc":{"start":{"line":330,"column":6},"end":{"line":330,"column":40}},"type":"binary-expr","locations":[{"start":{"line":330,"column":6},"end":{"line":330,"column":15}},{"start":{"line":330,"column":19},"end":{"line":330,"column":40}}],"line":330},"39":{"loc":{"start":{"line":340,"column":4},"end":{"line":342,"column":5}},"type":"if","locations":[{"start":{"line":340,"column":4},"end":{"line":342,"column":5}},{"start":{},"end":{}}],"line":340},"40":{"loc":{"start":{"line":340,"column":8},"end":{"line":340,"column":22}},"type":"binary-expr","locations":[{"start":{"line":340,"column":8},"end":{"line":340,"column":13}},{"start":{"line":340,"column":17},"end":{"line":340,"column":22}}],"line":340},"41":{"loc":{"start":{"line":357,"column":2},"end":{"line":359,"column":3}},"type":"if","locations":[{"start":{"line":357,"column":2},"end":{"line":359,"column":3}},{"start":{},"end":{}}],"line":357},"42":{"loc":{"start":{"line":357,"column":6},"end":{"line":357,"column":40}},"type":"binary-expr","locations":[{"start":{"line":357,"column":6},"end":{"line":357,"column":15}},{"start":{"line":357,"column":19},"end":{"line":357,"column":40}}],"line":357},"43":{"loc":{"start":{"line":383,"column":4},"end":{"line":386,"column":5}},"type":"if","locations":[{"start":{"line":383,"column":4},"end":{"line":386,"column":5}},{"start":{},"end":{}}],"line":383},"44":{"loc":{"start":{"line":383,"column":8},"end":{"line":383,"column":22}},"type":"binary-expr","locations":[{"start":{"line":383,"column":8},"end":{"line":383,"column":13}},{"start":{"line":383,"column":17},"end":{"line":383,"column":22}}],"line":383},"45":{"loc":{"start":{"line":391,"column":29},"end":{"line":391,"column":53}},"type":"binary-expr","locations":[{"start":{"line":391,"column":29},"end":{"line":391,"column":48}},{"start":{"line":391,"column":52},"end":{"line":391,"column":53}}],"line":391},"46":{"loc":{"start":{"line":421,"column":2},"end":{"line":421,"column":56}},"type":"if","locations":[{"start":{"line":421,"column":2},"end":{"line":421,"column":56}},{"start":{},"end":{}}],"line":421},"47":{"loc":{"start":{"line":422,"column":2},"end":{"line":422,"column":54}},"type":"if","locations":[{"start":{"line":422,"column":2},"end":{"line":422,"column":54}},{"start":{},"end":{}}],"line":422},"48":{"loc":{"start":{"line":428,"column":2},"end":{"line":430,"column":38}},"type":"if","locations":[{"start":{"line":428,"column":2},"end":{"line":430,"column":38}},{"start":{"line":429,"column":7},"end":{"line":430,"column":38}}],"line":428},"49":{"loc":{"start":{"line":429,"column":7},"end":{"line":430,"column":38}},"type":"if","locations":[{"start":{"line":429,"column":7},"end":{"line":430,"column":38}},{"start":{"line":430,"column":7},"end":{"line":430,"column":38}}],"line":429},"50":{"loc":{"start":{"line":430,"column":7},"end":{"line":430,"column":38}},"type":"if","locations":[{"start":{"line":430,"column":7},"end":{"line":430,"column":38}},{"start":{},"end":{}}],"line":430},"51":{"loc":{"start":{"line":434,"column":2},"end":{"line":436,"column":38}},"type":"if","locations":[{"start":{"line":434,"column":2},"end":{"line":436,"column":38}},{"start":{"line":435,"column":7},"end":{"line":436,"column":38}}],"line":434},"52":{"loc":{"start":{"line":435,"column":7},"end":{"line":436,"column":38}},"type":"if","locations":[{"start":{"line":435,"column":7},"end":{"line":436,"column":38}},{"start":{"line":436,"column":7},"end":{"line":436,"column":38}}],"line":435},"53":{"loc":{"start":{"line":436,"column":7},"end":{"line":436,"column":38}},"type":"if","locations":[{"start":{"line":436,"column":7},"end":{"line":436,"column":38}},{"start":{},"end":{}}],"line":436},"54":{"loc":{"start":{"line":442,"column":2},"end":{"line":444,"column":40}},"type":"if","locations":[{"start":{"line":442,"column":2},"end":{"line":444,"column":40}},{"start":{"line":443,"column":7},"end":{"line":444,"column":40}}],"line":442},"55":{"loc":{"start":{"line":443,"column":7},"end":{"line":444,"column":40}},"type":"if","locations":[{"start":{"line":443,"column":7},"end":{"line":444,"column":40}},{"start":{"line":444,"column":7},"end":{"line":444,"column":40}}],"line":443},"56":{"loc":{"start":{"line":444,"column":7},"end":{"line":444,"column":40}},"type":"if","locations":[{"start":{"line":444,"column":7},"end":{"line":444,"column":40}},{"start":{},"end":{}}],"line":444},"57":{"loc":{"start":{"line":450,"column":2},"end":{"line":451,"column":37}},"type":"if","locations":[{"start":{"line":450,"column":2},"end":{"line":451,"column":37}},{"start":{"line":451,"column":7},"end":{"line":451,"column":37}}],"line":450},"58":{"loc":{"start":{"line":451,"column":7},"end":{"line":451,"column":37}},"type":"if","locations":[{"start":{"line":451,"column":7},"end":{"line":451,"column":37}},{"start":{},"end":{}}],"line":451},"59":{"loc":{"start":{"line":462,"column":2},"end":{"line":462,"column":11}},"type":"default-arg","locations":[{"start":{"line":462,"column":10},"end":{"line":462,"column":11}}],"line":462},"60":{"loc":{"start":{"line":465,"column":2},"end":{"line":465,"column":25}},"type":"if","locations":[{"start":{"line":465,"column":2},"end":{"line":465,"column":25}},{"start":{},"end":{}}],"line":465}},"s":{"0":73,"1":73,"2":73,"3":2,"4":2,"5":2,"6":13,"7":13,"8":20,"9":0,"10":20,"11":20,"12":8,"13":12,"14":12,"15":12,"16":12,"17":0,"18":12,"19":12,"20":12,"21":0,"22":0,"23":12,"24":0,"25":12,"26":12,"27":12,"28":0,"29":0,"30":2,"31":0,"32":2,"33":0,"34":0,"35":0,"36":0,"37":2,"38":2,"39":2,"40":1,"41":1,"42":0,"43":20,"44":20,"45":0,"46":2,"47":2,"48":0,"49":0,"50":0,"51":0,"52":0,"53":0,"54":0,"55":0,"56":0,"57":0,"58":17,"59":17,"60":1,"61":16,"62":16,"63":25,"64":16,"65":96,"66":0,"67":0,"68":0,"69":0,"70":0,"71":0,"72":0,"73":0,"74":0,"75":0,"76":0,"77":0,"78":0,"79":0,"80":0,"81":0,"82":0,"83":0,"84":0,"85":0,"86":0,"87":0,"88":0,"89":0,"90":0,"91":0,"92":0,"93":0,"94":0,"95":0,"96":0,"97":0,"98":0,"99":0,"100":0,"101":0,"102":0,"103":0,"104":0,"105":0,"106":0,"107":0,"108":0,"109":0,"110":0,"111":0,"112":0,"113":0,"114":0,"115":0,"116":0,"117":0,"118":0,"119":0,"120":0,"121":0,"122":0,"123":0,"124":0,"125":0,"126":0,"127":0,"128":0,"129":0,"130":0,"131":0,"132":0,"133":0,"134":0,"135":0,"136":0,"137":0,"138":0,"139":0,"140":0,"141":0},"f":{"0":73,"1":13,"2":20,"3":12,"4":12,"5":0,"6":2,"7":0,"8":20,"9":0,"10":2,"11":0,"12":0,"13":0,"14":0,"15":0,"16":17,"17":25,"18":96,"19":0,"20":0,"21":0,"22":0,"23":0,"24":0,"25":0,"26":0,"27":0,"28":0,"29":0,"30":0,"31":0,"32":0},"b":{"0":[73,0],"1":[49,24],"2":[37,36],"3":[37,36],"4":[37,36],"5":[13,60],"6":[24,36],"7":[36,37],"8":[13,60],"9":[49,24],"10":[24,49],"11":[24,0],"12":[49,24],"13":[0,20],"14":[20,20],"15":[8,12],"16":[20,8],"17":[0,12],"18":[0,12],"19":[12,12],"20":[0,2],"21":[2,2],"22":[0,2],"23":[0,0],"24":[1,1],"25":[2,2],"26":[20,0],"27":[0,0],"28":[2,1],"29":[0,0],"30":[0,0],"31":[0,0],"32":[1,16],"33":[25,11],"34":[0,0],"35":[0,0],"36":[0,0],"37":[0,0],"38":[0,0],"39":[0,0],"40":[0,0],"41":[0,0],"42":[0,0],"43":[0,0],"44":[0,0],"45":[0,0],"46":[0,0],"47":[0,0],"48":[0,0],"49":[0,0],"50":[0,0],"51":[0,0],"52":[0,0],"53":[0,0],"54":[0,0],"55":[0,0],"56":[0,0],"57":[0,0],"58":[0,0],"59":[0],"60":[0,0]},"_coverageSchema":"1a1c01bbd47fc00a2c39e90264f33305004495a9","hash":"42feaf21be75d13554d399bda7621c35a4f833ee"}
,"/Users/rorymacrae/Documents/Personal/experiments/activity/src/services/sync.ts": {"path":"/Users/rorymacrae/Documents/Personal/experiments/activity/src/services/sync.ts","statementMap":{"0":{"start":{"line":32,"column":2},"end":{"line":32,"column":54}},"1":{"start":{"line":32,"column":42},"end":{"line":32,"column":54}},"2":{"start":{"line":34,"column":26},"end":{"line":38,"column":13}},"3":{"start":{"line":40,"column":2},"end":{"line":43,"column":3}},"4":{"start":{"line":41,"column":4},"end":{"line":41,"column":70}},"5":{"start":{"line":42,"column":4},"end":{"line":42,"column":16}},"6":{"start":{"line":45,"column":2},"end":{"line":45,"column":40}},"7":{"start":{"line":55,"column":2},"end":{"line":57,"column":3}},"8":{"start":{"line":56,"column":4},"end":{"line":56,"column":59}},"9":{"start":{"line":59,"column":37},"end":{"line":70,"column":3}},"10":{"start":{"line":72,"column":20},"end":{"line":74,"column":56}},"11":{"start":{"line":76,"column":2},"end":{"line":76,"column":60}},"12":{"start":{"line":85,"column":2},"end":{"line":95,"column":4}},"13":{"start":{"line":108,"column":2},"end":{"line":108,"column":54}},"14":{"start":{"line":108,"column":42},"end":{"line":108,"column":54}},"15":{"start":{"line":110,"column":26},"end":{"line":113,"column":26}},"16":{"start":{"line":115,"column":2},"end":{"line":118,"column":3}},"17":{"start":{"line":116,"column":4},"end":{"line":116,"column":68}},"18":{"start":{"line":117,"column":4},"end":{"line":117,"column":16}},"19":{"start":{"line":121,"column":20},"end":{"line":121,"column":58}},"20":{"start":{"line":122,"column":2},"end":{"line":122,"column":50}},"21":{"start":{"line":122,"column":31},"end":{"line":122,"column":42}},"22":{"start":{"line":132,"column":2},"end":{"line":134,"column":3}},"23":{"start":{"line":133,"column":4},"end":{"line":133,"column":59}},"24":{"start":{"line":136,"column":35},"end":{"line":136,"column":75}},"25":{"start":{"line":137,"column":20},"end":{"line":139,"column":66}},"26":{"start":{"line":141,"column":2},"end":{"line":141,"column":60}},"27":{"start":{"line":151,"column":2},"end":{"line":153,"column":3}},"28":{"start":{"line":152,"column":4},"end":{"line":152,"column":59}},"29":{"start":{"line":155,"column":20},"end":{"line":159,"column":30}},"30":{"start":{"line":161,"column":2},"end":{"line":161,"column":60}},"31":{"start":{"line":171,"column":2},"end":{"line":173,"column":3}},"32":{"start":{"line":172,"column":4},"end":{"line":172,"column":59}},"33":{"start":{"line":176,"column":33},"end":{"line":179,"column":26}},"34":{"start":{"line":181,"column":2},"end":{"line":183,"column":3}},"35":{"start":{"line":182,"column":4},"end":{"line":182,"column":53}},"36":{"start":{"line":186,"column":2},"end":{"line":199,"column":3}},"37":{"start":{"line":187,"column":40},"end":{"line":190,"column":7}},"38":{"start":{"line":187,"column":74},"end":{"line":190,"column":5}},"39":{"start":{"line":192,"column":35},"end":{"line":194,"column":32}},"40":{"start":{"line":196,"column":4},"end":{"line":198,"column":5}},"41":{"start":{"line":197,"column":6},"end":{"line":197,"column":55}},"42":{"start":{"line":201,"column":2},"end":{"line":201,"column":25}},"43":{"start":{"line":212,"column":2},"end":{"line":212,"column":44}},"44":{"start":{"line":224,"column":2},"end":{"line":226,"column":3}},"45":{"start":{"line":225,"column":4},"end":{"line":225,"column":42}},"46":{"start":{"line":228,"column":2},"end":{"line":228,"column":15}}},"fnMap":{"0":{"name":"fetchCloudPreferences","decl":{"start":{"line":29,"column":22},"end":{"line":29,"column":43}},"loc":{"start":{"line":31,"column":35},"end":{"line":46,"column":1}},"line":31},"1":{"name":"saveCloudPreferences","decl":{"start":{"line":51,"column":22},"end":{"line":51,"column":42}},"loc":{"start":{"line":54,"column":36},"end":{"line":77,"column":1}},"line":54},"2":{"name":"cloudToLocalPreferences","decl":{"start":{"line":82,"column":16},"end":{"line":82,"column":39}},"loc":{"start":{"line":84,"column":20},"end":{"line":96,"column":1}},"line":84},"3":{"name":"fetchCloudFavorites","decl":{"start":{"line":105,"column":22},"end":{"line":105,"column":41}},"loc":{"start":{"line":107,"column":28},"end":{"line":123,"column":1}},"line":107},"4":{"name":"(anonymous_4)","decl":{"start":{"line":122,"column":24},"end":{"line":122,"column":25}},"loc":{"start":{"line":122,"column":31},"end":{"line":122,"column":42}},"line":122},"5":{"name":"addCloudFavorite","decl":{"start":{"line":128,"column":22},"end":{"line":128,"column":38}},"loc":{"start":{"line":131,"column":36},"end":{"line":142,"column":1}},"line":131},"6":{"name":"removeCloudFavorite","decl":{"start":{"line":147,"column":22},"end":{"line":147,"column":41}},"loc":{"start":{"line":150,"column":36},"end":{"line":162,"column":1}},"line":150},"7":{"name":"syncAllFavoritesToCloud","decl":{"start":{"line":167,"column":22},"end":{"line":167,"column":45}},"loc":{"start":{"line":170,"column":36},"end":{"line":202,"column":1}},"line":170},"8":{"name":"(anonymous_8)","decl":{"start":{"line":187,"column":59},"end":{"line":187,"column":60}},"loc":{"start":{"line":187,"column":74},"end":{"line":190,"column":5}},"line":187},"9":{"name":"mergeFavorites","decl":{"start":{"line":211,"column":16},"end":{"line":211,"column":30}},"loc":{"start":{"line":211,"column":75},"end":{"line":213,"column":1}},"line":211},"10":{"name":"mergePreferences","decl":{"start":{"line":219,"column":16},"end":{"line":219,"column":32}},"loc":{"start":{"line":222,"column":20},"end":{"line":229,"column":1}},"line":222}},"branchMap":{"0":{"loc":{"start":{"line":32,"column":2},"end":{"line":32,"column":54}},"type":"if","locations":[{"start":{"line":32,"column":2},"end":{"line":32,"column":54}},{"start":{},"end":{}}],"line":32},"1":{"loc":{"start":{"line":32,"column":6},"end":{"line":32,"column":40}},"type":"binary-expr","locations":[{"start":{"line":32,"column":6},"end":{"line":32,"column":15}},{"start":{"line":32,"column":19},"end":{"line":32,"column":40}}],"line":32},"2":{"loc":{"start":{"line":40,"column":2},"end":{"line":43,"column":3}},"type":"if","locations":[{"start":{"line":40,"column":2},"end":{"line":43,"column":3}},{"start":{},"end":{}}],"line":40},"3":{"loc":{"start":{"line":55,"column":2},"end":{"line":57,"column":3}},"type":"if","locations":[{"start":{"line":55,"column":2},"end":{"line":57,"column":3}},{"start":{},"end":{}}],"line":55},"4":{"loc":{"start":{"line":55,"column":6},"end":{"line":55,"column":40}},"type":"binary-expr","locations":[{"start":{"line":55,"column":6},"end":{"line":55,"column":15}},{"start":{"line":55,"column":19},"end":{"line":55,"column":40}}],"line":55},"5":{"loc":{"start":{"line":76,"column":18},"end":{"line":76,"column":57}},"type":"cond-expr","locations":[{"start":{"line":76,"column":26},"end":{"line":76,"column":50}},{"start":{"line":76,"column":53},"end":{"line":76,"column":57}}],"line":76},"6":{"loc":{"start":{"line":108,"column":2},"end":{"line":108,"column":54}},"type":"if","locations":[{"start":{"line":108,"column":2},"end":{"line":108,"column":54}},{"start":{},"end":{}}],"line":108},"7":{"loc":{"start":{"line":108,"column":6},"end":{"line":108,"column":40}},"type":"binary-expr","locations":[{"start":{"line":108,"column":6},"end":{"line":108,"column":15}},{"start":{"line":108,"column":19},"end":{"line":108,"column":40}}],"line":108},"8":{"loc":{"start":{"line":115,"column":2},"end":{"line":118,"column":3}},"type":"if","locations":[{"start":{"line":115,"column":2},"end":{"line":118,"column":3}},{"start":{},"end":{}}],"line":115},"9":{"loc":{"start":{"line":122,"column":9},"end":{"line":122,"column":49}},"type":"binary-expr","locations":[{"start":{"line":122,"column":9},"end":{"line":122,"column":43}},{"start":{"line":122,"column":47},"end":{"line":122,"column":49}}],"line":122},"10":{"loc":{"start":{"line":132,"column":2},"end":{"line":134,"column":3}},"type":"if","locations":[{"start":{"line":132,"column":2},"end":{"line":134,"column":3}},{"start":{},"end":{}}],"line":132},"11":{"loc":{"start":{"line":132,"column":6},"end":{"line":132,"column":40}},"type":"binary-expr","locations":[{"start":{"line":132,"column":6},"end":{"line":132,"column":15}},{"start":{"line":132,"column":19},"end":{"line":132,"column":40}}],"line":132},"12":{"loc":{"start":{"line":141,"column":18},"end":{"line":141,"column":57}},"type":"cond-expr","locations":[{"start":{"line":141,"column":26},"end":{"line":141,"column":50}},{"start":{"line":141,"column":53},"end":{"line":141,"column":57}}],"line":141},"13":{"loc":{"start":{"line":151,"column":2},"end":{"line":153,"column":3}},"type":"if","locations":[{"start":{"line":151,"column":2},"end":{"line":153,"column":3}},{"start":{},"end":{}}],"line":151},"14":{"loc":{"start":{"line":151,"column":6},"end":{"line":151,"column":40}},"type":"binary-expr","locations":[{"start":{"line":151,"column":6},"end":{"line":151,"column":15}},{"start":{"line":151,"column":19},"end":{"line":151,"column":40}}],"line":151},"15":{"loc":{"start":{"line":161,"column":18},"end":{"line":161,"column":57}},"type":"cond-expr","locations":[{"start":{"line":161,"column":26},"end":{"line":161,"column":50}},{"start":{"line":161,"column":53},"end":{"line":161,"column":57}}],"line":161},"16":{"loc":{"start":{"line":171,"column":2},"end":{"line":173,"column":3}},"type":"if","locations":[{"start":{"line":171,"column":2},"end":{"line":173,"column":3}},{"start":{},"end":{}}],"line":171},"17":{"loc":{"start":{"line":171,"column":6},"end":{"line":171,"column":40}},"type":"binary-expr","locations":[{"start":{"line":171,"column":6},"end":{"line":171,"column":15}},{"start":{"line":171,"column":19},"end":{"line":171,"column":40}}],"line":171},"18":{"loc":{"start":{"line":181,"column":2},"end":{"line":183,"column":3}},"type":"if","locations":[{"start":{"line":181,"column":2},"end":{"line":183,"column":3}},{"start":{},"end":{}}],"line":181},"19":{"loc":{"start":{"line":186,"column":2},"end":{"line":199,"column":3}},"type":"if","locations":[{"start":{"line":186,"column":2},"end":{"line":199,"column":3}},{"start":{},"end":{}}],"line":186},"20":{"loc":{"start":{"line":196,"column":4},"end":{"line":198,"column":5}},"type":"if","locations":[{"start":{"line":196,"column":4},"end":{"line":198,"column":5}},{"start":{},"end":{}}],"line":196},"21":{"loc":{"start":{"line":224,"column":2},"end":{"line":226,"column":3}},"type":"if","locations":[{"start":{"line":224,"column":2},"end":{"line":226,"column":3}},{"start":{},"end":{}}],"line":224}},"s":{"0":0,"1":0,"2":0,"3":0,"4":0,"5":0,"6":0,"7":0,"8":0,"9":0,"10":0,"11":0,"12":0,"13":0,"14":0,"15":0,"16":0,"17":0,"18":0,"19":0,"20":0,"21":0,"22":0,"23":0,"24":0,"25":0,"26":0,"27":0,"28":0,"29":0,"30":0,"31":0,"32":0,"33":0,"34":0,"35":0,"36":0,"37":0,"38":0,"39":0,"40":0,"41":0,"42":0,"43":0,"44":0,"45":0,"46":0},"f":{"0":0,"1":0,"2":0,"3":0,"4":0,"5":0,"6":0,"7":0,"8":0,"9":0,"10":0},"b":{"0":[0,0],"1":[0,0],"2":[0,0],"3":[0,0],"4":[0,0],"5":[0,0],"6":[0,0],"7":[0,0],"8":[0,0],"9":[0,0],"10":[0,0],"11":[0,0],"12":[0,0],"13":[0,0],"14":[0,0],"15":[0,0],"16":[0,0],"17":[0,0],"18":[0,0],"19":[0,0],"20":[0,0],"21":[0,0]},"_coverageSchema":"1a1c01bbd47fc00a2c39e90264f33305004495a9","hash":"a774414c55822b582a153d6788354c1ea2ffe625"}
,"/Users/rorymacrae/Documents/Personal/experiments/activity/src/services/recommendation/explainer.ts": {"path":"/Users/rorymacrae/Documents/Personal/experiments/activity/src/services/recommendation/explainer.ts","statementMap":{"0":{"start":{"line":18,"column":28},"end":{"line":18,"column":30}},"1":{"start":{"line":24,"column":6},"end":{"line":69,"column":3}},"2":{"start":{"line":26,"column":17},"end":{"line":26,"column":32}},"3":{"start":{"line":28,"column":8},"end":{"line":32,"column":55}},"4":{"start":{"line":33,"column":6},"end":{"line":36,"column":8}},"5":{"start":{"line":38,"column":20},"end":{"line":41,"column":5}},"6":{"start":{"line":43,"column":20},"end":{"line":43,"column":43}},"7":{"start":{"line":44,"column":22},"end":{"line":44,"column":32}},"8":{"start":{"line":45,"column":6},"end":{"line":52,"column":8}},"9":{"start":{"line":55,"column":21},"end":{"line":55,"column":48}},"10":{"start":{"line":56,"column":6},"end":{"line":63,"column":8}},"11":{"start":{"line":65,"column":18},"end":{"line":68,"column":5}},"12":{"start":{"line":72,"column":23},"end":{"line":74,"column":33}},"13":{"start":{"line":74,"column":27},"end":{"line":74,"column":32}},"14":{"start":{"line":76,"column":2},"end":{"line":86,"column":3}},"15":{"start":{"line":77,"column":4},"end":{"line":77,"column":35}},"16":{"start":{"line":77,"column":29},"end":{"line":77,"column":35}},"17":{"start":{"line":79,"column":21},"end":{"line":79,"column":44}},"18":{"start":{"line":81,"column":4},"end":{"line":85,"column":5}},"19":{"start":{"line":82,"column":6},"end":{"line":82,"column":39}},"20":{"start":{"line":83,"column":11},"end":{"line":85,"column":5}},"21":{"start":{"line":84,"column":6},"end":{"line":84,"column":34}},"22":{"start":{"line":89,"column":2},"end":{"line":91,"column":3}},"23":{"start":{"line":90,"column":4},"end":{"line":90,"column":53}},"24":{"start":{"line":93,"column":2},"end":{"line":93,"column":17}}},"fnMap":{"0":{"name":"generateExplanations","decl":{"start":{"line":13,"column":16},"end":{"line":13,"column":36}},"loc":{"start":{"line":17,"column":12},"end":{"line":94,"column":1}},"line":17},"1":{"name":"(anonymous_1)","decl":{"start":{"line":25,"column":11},"end":{"line":25,"column":12}},"loc":{"start":{"line":25,"column":18},"end":{"line":37,"column":5}},"line":25},"2":{"name":"(anonymous_2)","decl":{"start":{"line":38,"column":12},"end":{"line":38,"column":13}},"loc":{"start":{"line":38,"column":20},"end":{"line":41,"column":5}},"line":38},"3":{"name":"(anonymous_3)","decl":{"start":{"line":42,"column":10},"end":{"line":42,"column":11}},"loc":{"start":{"line":42,"column":17},"end":{"line":53,"column":5}},"line":42},"4":{"name":"(anonymous_4)","decl":{"start":{"line":54,"column":14},"end":{"line":54,"column":15}},"loc":{"start":{"line":54,"column":21},"end":{"line":64,"column":5}},"line":54},"5":{"name":"(anonymous_5)","decl":{"start":{"line":65,"column":10},"end":{"line":65,"column":11}},"loc":{"start":{"line":65,"column":18},"end":{"line":68,"column":5}},"line":65},"6":{"name":"(anonymous_6)","decl":{"start":{"line":74,"column":9},"end":{"line":74,"column":10}},"loc":{"start":{"line":74,"column":27},"end":{"line":74,"column":32}},"line":74}},"branchMap":{"0":{"loc":{"start":{"line":28,"column":8},"end":{"line":32,"column":55}},"type":"cond-expr","locations":[{"start":{"line":29,"column":12},"end":{"line":29,"column":47}},{"start":{"line":30,"column":12},"end":{"line":32,"column":55}}],"line":28},"1":{"loc":{"start":{"line":30,"column":12},"end":{"line":32,"column":55}},"type":"cond-expr","locations":[{"start":{"line":31,"column":14},"end":{"line":31,"column":47}},{"start":{"line":32,"column":14},"end":{"line":32,"column":55}}],"line":30},"2":{"loc":{"start":{"line":46,"column":19},"end":{"line":48,"column":53}},"type":"cond-expr","locations":[{"start":{"line":47,"column":12},"end":{"line":47,"column":56}},{"start":{"line":48,"column":12},"end":{"line":48,"column":53}}],"line":46},"3":{"loc":{"start":{"line":49,"column":14},"end":{"line":51,"column":54}},"type":"cond-expr","locations":[{"start":{"line":50,"column":12},"end":{"line":50,"column":47}},{"start":{"line":51,"column":12},"end":{"line":51,"column":54}}],"line":49},"4":{"loc":{"start":{"line":57,"column":19},"end":{"line":59,"column":80}},"type":"cond-expr","locations":[{"start":{"line":58,"column":12},"end":{"line":58,"column":81}},{"start":{"line":59,"column":12},"end":{"line":59,"column":80}}],"line":57},"5":{"loc":{"start":{"line":60,"column":14},"end":{"line":62,"column":71}},"type":"cond-expr","locations":[{"start":{"line":61,"column":12},"end":{"line":61,"column":61}},{"start":{"line":62,"column":12},"end":{"line":62,"column":71}}],"line":60},"6":{"loc":{"start":{"line":77,"column":4},"end":{"line":77,"column":35}},"type":"if","locations":[{"start":{"line":77,"column":4},"end":{"line":77,"column":35}},{"start":{},"end":{}}],"line":77},"7":{"loc":{"start":{"line":81,"column":4},"end":{"line":85,"column":5}},"type":"if","locations":[{"start":{"line":81,"column":4},"end":{"line":85,"column":5}},{"start":{"line":83,"column":11},"end":{"line":85,"column":5}}],"line":81},"8":{"loc":{"start":{"line":83,"column":11},"end":{"line":85,"column":5}},"type":"if","locations":[{"start":{"line":83,"column":11},"end":{"line":85,"column":5}},{"start":{},"end":{}}],"line":83},"9":{"loc":{"start":{"line":83,"column":15},"end":{"line":83,"column":48}},"type":"binary-expr","locations":[{"start":{"line":83,"column":15},"end":{"line":83,"column":26}},{"start":{"line":83,"column":30},"end":{"line":83,"column":48}}],"line":83},"10":{"loc":{"start":{"line":89,"column":2},"end":{"line":91,"column":3}},"type":"if","locations":[{"start":{"line":89,"column":2},"end":{"line":91,"column":3}},{"start":{},"end":{}}],"line":89}},"s":{"0":25,"1":25,"2":25,"3":25,"4":25,"5":21,"6":24,"7":24,"8":24,"9":11,"10":11,"11":14,"12":25,"13":184,"14":25,"15":110,"16":15,"17":95,"18":95,"19":57,"20":38,"21":1,"22":25,"23":2,"24":25},"f":{"0":25,"1":25,"2":21,"3":24,"4":11,"5":14,"6":184},"b":{"0":[4,21],"1":[19,2],"2":[1,23],"3":[1,23],"4":[2,9],"5":[2,9],"6":[15,95],"7":[57,38],"8":[1,37],"9":[38,7],"10":[2,23]},"_coverageSchema":"1a1c01bbd47fc00a2c39e90264f33305004495a9","hash":"31b69ddfadf4f1e288bf4bc3fa92d1ac5135f602"}
,"/Users/rorymacrae/Documents/Personal/experiments/activity/src/services/recommendation/index.ts": {"path":"/Users/rorymacrae/Documents/Personal/experiments/activity/src/services/recommendation/index.ts","statementMap":{"0":{"start":{"line":19,"column":47},"end":{"line":24,"column":3}},"1":{"start":{"line":26,"column":44},"end":{"line":31,"column":3}},"2":{"start":{"line":34,"column":4},"end":{"line":36,"column":42}},"3":{"start":{"line":38,"column":22},"end":{"line":38,"column":55}},"4":{"start":{"line":38,"column":43},"end":{"line":38,"column":54}},"5":{"start":{"line":39,"column":19},"end":{"line":39,"column":43}},"6":{"start":{"line":40,"column":19},"end":{"line":40,"column":43}},"7":{"start":{"line":42,"column":2},"end":{"line":51,"column":4}},"8":{"start":{"line":62,"column":18},"end":{"line":68,"column":3}},"9":{"start":{"line":71,"column":25},"end":{"line":71,"column":57}},"10":{"start":{"line":72,"column":2},"end":{"line":72,"column":33}},"11":{"start":{"line":75,"column":22},"end":{"line":75,"column":71}},"12":{"start":{"line":75,"column":62},"end":{"line":75,"column":67}},"13":{"start":{"line":76,"column":2},"end":{"line":78,"column":5}},"14":{"start":{"line":77,"column":4},"end":{"line":77,"column":56}},"15":{"start":{"line":81,"column":2},"end":{"line":87,"column":4}},"16":{"start":{"line":98,"column":14},"end":{"line":98,"column":24}},"17":{"start":{"line":99,"column":16},"end":{"line":99,"column":45}},"18":{"start":{"line":100,"column":25},"end":{"line":100,"column":51}},"19":{"start":{"line":102,"column":2},"end":{"line":102,"column":37}},"20":{"start":{"line":102,"column":26},"end":{"line":102,"column":37}},"21":{"start":{"line":103,"column":2},"end":{"line":103,"column":38}},"22":{"start":{"line":103,"column":27},"end":{"line":103,"column":38}},"23":{"start":{"line":104,"column":2},"end":{"line":104,"column":38}},"24":{"start":{"line":104,"column":27},"end":{"line":104,"column":38}},"25":{"start":{"line":105,"column":2},"end":{"line":105,"column":13}},"26":{"start":{"line":117,"column":24},"end":{"line":117,"column":74}},"27":{"start":{"line":120,"column":23},"end":{"line":120,"column":64}},"28":{"start":{"line":121,"column":21},"end":{"line":123,"column":19}},"29":{"start":{"line":122,"column":34},"end":{"line":122,"column":62}},"30":{"start":{"line":126,"column":26},"end":{"line":126,"column":59}},"31":{"start":{"line":129,"column":41},"end":{"line":147,"column":4}},"32":{"start":{"line":130,"column":28},"end":{"line":130,"column":68}},"33":{"start":{"line":131,"column":21},"end":{"line":131,"column":75}},"34":{"start":{"line":132,"column":23},"end":{"line":134,"column":5}},"35":{"start":{"line":135,"column":25},"end":{"line":139,"column":5}},"36":{"start":{"line":141,"column":4},"end":{"line":146,"column":6}},"37":{"start":{"line":150,"column":2},"end":{"line":150,"column":76}},"38":{"start":{"line":150,"column":31},"end":{"line":150,"column":58}}},"fnMap":{"0":{"name":"normalizePreferences","decl":{"start":{"line":18,"column":9},"end":{"line":18,"column":29}},"loc":{"start":{"line":18,"column":73},"end":{"line":52,"column":1}},"line":18},"1":{"name":"(anonymous_1)","decl":{"start":{"line":38,"column":36},"end":{"line":38,"column":37}},"loc":{"start":{"line":38,"column":43},"end":{"line":38,"column":54}},"line":38},"2":{"name":"computeWeightedScore","decl":{"start":{"line":57,"column":9},"end":{"line":57,"column":29}},"loc":{"start":{"line":60,"column":10},"end":{"line":88,"column":1}},"line":60},"3":{"name":"(anonymous_3)","decl":{"start":{"line":75,"column":52},"end":{"line":75,"column":53}},"loc":{"start":{"line":75,"column":62},"end":{"line":75,"column":67}},"line":75},"4":{"name":"(anonymous_4)","decl":{"start":{"line":76,"column":31},"end":{"line":76,"column":32}},"loc":{"start":{"line":76,"column":40},"end":{"line":78,"column":3}},"line":76},"5":{"name":"seasonalMultiplier","decl":{"start":{"line":97,"column":9},"end":{"line":97,"column":27}},"loc":{"start":{"line":97,"column":55},"end":{"line":106,"column":1}},"line":97},"6":{"name":"getRecommendations","decl":{"start":{"line":112,"column":22},"end":{"line":112,"column":40}},"loc":{"start":{"line":115,"column":35},"end":{"line":151,"column":1}},"line":115},"7":{"name":"(anonymous_7)","decl":{"start":{"line":122,"column":27},"end":{"line":122,"column":28}},"loc":{"start":{"line":122,"column":34},"end":{"line":122,"column":62}},"line":122},"8":{"name":"(anonymous_8)","decl":{"start":{"line":129,"column":56},"end":{"line":129,"column":57}},"loc":{"start":{"line":129,"column":68},"end":{"line":147,"column":3}},"line":129},"9":{"name":"(anonymous_9)","decl":{"start":{"line":150,"column":21},"end":{"line":150,"column":22}},"loc":{"start":{"line":150,"column":31},"end":{"line":150,"column":58}},"line":150}},"branchMap":{"0":{"loc":{"start":{"line":34,"column":4},"end":{"line":36,"column":42}},"type":"cond-expr","locations":[{"start":{"line":35,"column":8},"end":{"line":35,"column":28}},{"start":{"line":36,"column":9},"end":{"line":36,"column":41}}],"line":34},"1":{"loc":{"start":{"line":46,"column":17},"end":{"line":46,"column":52}},"type":"binary-expr","locations":[{"start":{"line":46,"column":17},"end":{"line":46,"column":45}},{"start":{"line":46,"column":49},"end":{"line":46,"column":52}}],"line":46},"2":{"loc":{"start":{"line":102,"column":2},"end":{"line":102,"column":37}},"type":"if","locations":[{"start":{"line":102,"column":2},"end":{"line":102,"column":37}},{"start":{},"end":{}}],"line":102},"3":{"loc":{"start":{"line":103,"column":2},"end":{"line":103,"column":38}},"type":"if","locations":[{"start":{"line":103,"column":2},"end":{"line":103,"column":38}},{"start":{},"end":{}}],"line":103},"4":{"loc":{"start":{"line":104,"column":2},"end":{"line":104,"column":38}},"type":"if","locations":[{"start":{"line":104,"column":2},"end":{"line":104,"column":38}},{"start":{},"end":{}}],"line":104},"5":{"loc":{"start":{"line":114,"column":2},"end":{"line":114,"column":19}},"type":"default-arg","locations":[{"start":{"line":114,"column":18},"end":{"line":114,"column":19}}],"line":114},"6":{"loc":{"start":{"line":121,"column":21},"end":{"line":123,"column":19}},"type":"cond-expr","locations":[{"start":{"line":122,"column":6},"end":{"line":122,"column":63}},{"start":{"line":123,"column":6},"end":{"line":123,"column":19}}],"line":121}},"s":{"0":7,"1":7,"2":7,"3":7,"4":7,"5":7,"6":7,"7":7,"8":19,"9":19,"10":19,"11":19,"12":95,"13":19,"14":95,"15":19,"16":19,"17":19,"18":19,"19":19,"20":0,"21":19,"22":0,"23":19,"24":0,"25":19,"26":7,"27":7,"28":7,"29":0,"30":7,"31":7,"32":19,"33":19,"34":19,"35":19,"36":19,"37":7,"38":25},"f":{"0":7,"1":7,"2":19,"3":95,"4":95,"5":19,"6":7,"7":0,"8":19,"9":25},"b":{"0":[7,0],"1":[7,0],"2":[0,19],"3":[0,19],"4":[0,19],"5":[5],"6":[0,7]},"_coverageSchema":"1a1c01bbd47fc00a2c39e90264f33305004495a9","hash":"83336cf487c0181f4d2fb361666b948ea9ffdfbd"}
,"/Users/rorymacrae/Documents/Personal/experiments/activity/src/services/recommendation/scorer.ts": {"path":"/Users/rorymacrae/Documents/Personal/experiments/activity/src/services/recommendation/scorer.ts","statementMap":{"0":{"start":{"line":13,"column":2},"end":{"line":22,"column":3}},"1":{"start":{"line":15,"column":4},"end":{"line":15,"column":60}},"2":{"start":{"line":16,"column":9},"end":{"line":22,"column":3}},"3":{"start":{"line":18,"column":4},"end":{"line":18,"column":60}},"4":{"start":{"line":21,"column":4},"end":{"line":21,"column":60}},"5":{"start":{"line":29,"column":16},"end":{"line":29,"column":43}},"6":{"start":{"line":30,"column":18},"end":{"line":30,"column":32}},"7":{"start":{"line":32,"column":4},"end":{"line":34,"column":53}},"8":{"start":{"line":35,"column":2},"end":{"line":35,"column":45}},"9":{"start":{"line":45,"column":22},"end":{"line":45,"column":59}},"10":{"start":{"line":46,"column":23},"end":{"line":46,"column":60}},"11":{"start":{"line":48,"column":23},"end":{"line":48,"column":62}},"12":{"start":{"line":49,"column":24},"end":{"line":49,"column":40}},"13":{"start":{"line":50,"column":2},"end":{"line":50,"column":79}},"14":{"start":{"line":58,"column":20},"end":{"line":58,"column":54}},"15":{"start":{"line":61,"column":17},"end":{"line":66,"column":3}},"16":{"start":{"line":69,"column":16},"end":{"line":69,"column":56}},"17":{"start":{"line":70,"column":16},"end":{"line":70,"column":29}},"18":{"start":{"line":72,"column":2},"end":{"line":84,"column":3}},"19":{"start":{"line":74,"column":30},"end":{"line":74,"column":63}},"20":{"start":{"line":75,"column":24},"end":{"line":75,"column":51}},"21":{"start":{"line":76,"column":4},"end":{"line":76,"column":68}},"22":{"start":{"line":77,"column":9},"end":{"line":84,"column":3}},"23":{"start":{"line":79,"column":4},"end":{"line":79,"column":14}},"24":{"start":{"line":82,"column":23},"end":{"line":82,"column":44}},"25":{"start":{"line":83,"column":4},"end":{"line":83,"column":65}},"26":{"start":{"line":93,"column":26},"end":{"line":93,"column":64}},"27":{"start":{"line":94,"column":15},"end":{"line":94,"column":54}},"28":{"start":{"line":95,"column":2},"end":{"line":95,"column":38}},"29":{"start":{"line":107,"column":23},"end":{"line":107,"column":42}},"30":{"start":{"line":108,"column":26},"end":{"line":108,"column":41}},"31":{"start":{"line":111,"column":4},"end":{"line":112,"column":60}},"32":{"start":{"line":114,"column":2},"end":{"line":114,"column":41}},"33":{"start":{"line":122,"column":2},"end":{"line":122,"column":48}},"34":{"start":{"line":132,"column":2},"end":{"line":138,"column":4}}},"fnMap":{"0":{"name":"getIdealDistribution","decl":{"start":{"line":8,"column":9},"end":{"line":8,"column":29}},"loc":{"start":{"line":12,"column":2},"end":{"line":23,"column":1}},"line":12},"1":{"name":"scoreForSkill","decl":{"start":{"line":28,"column":9},"end":{"line":28,"column":22}},"loc":{"start":{"line":28,"column":62},"end":{"line":36,"column":1}},"line":28},"2":{"name":"calculateSkillScore","decl":{"start":{"line":44,"column":9},"end":{"line":44,"column":28}},"loc":{"start":{"line":44,"column":83},"end":{"line":51,"column":1}},"line":44},"3":{"name":"calculateBudgetScore","decl":{"start":{"line":57,"column":9},"end":{"line":57,"column":29}},"loc":{"start":{"line":57,"column":75},"end":{"line":85,"column":1}},"line":57},"4":{"name":"calculateVibeScore","decl":{"start":{"line":91,"column":9},"end":{"line":91,"column":27}},"loc":{"start":{"line":91,"column":73},"end":{"line":96,"column":1}},"line":91},"5":{"name":"calculateActivityScore","decl":{"start":{"line":102,"column":9},"end":{"line":102,"column":31}},"loc":{"start":{"line":105,"column":10},"end":{"line":115,"column":1}},"line":105},"6":{"name":"calculateSnowScore","decl":{"start":{"line":120,"column":9},"end":{"line":120,"column":27}},"loc":{"start":{"line":120,"column":52},"end":{"line":123,"column":1}},"line":120},"7":{"name":"calculateScores","decl":{"start":{"line":128,"column":16},"end":{"line":128,"column":31}},"loc":{"start":{"line":131,"column":19},"end":{"line":139,"column":1}},"line":131}},"branchMap":{"0":{"loc":{"start":{"line":13,"column":2},"end":{"line":22,"column":3}},"type":"if","locations":[{"start":{"line":13,"column":2},"end":{"line":22,"column":3}},{"start":{"line":16,"column":9},"end":{"line":22,"column":3}}],"line":13},"1":{"loc":{"start":{"line":16,"column":9},"end":{"line":22,"column":3}},"type":"if","locations":[{"start":{"line":16,"column":9},"end":{"line":22,"column":3}},{"start":{"line":19,"column":9},"end":{"line":22,"column":3}}],"line":16},"2":{"loc":{"start":{"line":48,"column":23},"end":{"line":48,"column":62}},"type":"cond-expr","locations":[{"start":{"line":48,"column":53},"end":{"line":48,"column":56}},{"start":{"line":48,"column":59},"end":{"line":48,"column":62}}],"line":48},"3":{"loc":{"start":{"line":72,"column":2},"end":{"line":84,"column":3}},"type":"if","locations":[{"start":{"line":72,"column":2},"end":{"line":84,"column":3}},{"start":{"line":77,"column":9},"end":{"line":84,"column":3}}],"line":72},"4":{"loc":{"start":{"line":72,"column":6},"end":{"line":72,"column":54}},"type":"binary-expr","locations":[{"start":{"line":72,"column":6},"end":{"line":72,"column":28}},{"start":{"line":72,"column":32},"end":{"line":72,"column":54}}],"line":72},"5":{"loc":{"start":{"line":77,"column":9},"end":{"line":84,"column":3}},"type":"if","locations":[{"start":{"line":77,"column":9},"end":{"line":84,"column":3}},{"start":{"line":80,"column":9},"end":{"line":84,"column":3}}],"line":77}},"s":{"0":72,"1":6,"2":66,"3":54,"4":12,"5":72,"6":72,"7":72,"8":72,"9":36,"10":36,"11":36,"12":36,"13":36,"14":36,"15":36,"16":36,"17":36,"18":36,"19":28,"20":28,"21":28,"22":8,"23":5,"24":3,"25":3,"26":36,"27":36,"28":36,"29":36,"30":36,"31":36,"32":36,"33":36,"34":36},"f":{"0":72,"1":72,"2":36,"3":36,"4":36,"5":36,"6":36,"7":36},"b":{"0":[6,66],"1":[54,12],"2":[0,36],"3":[28,8],"4":[36,31],"5":[5,3]},"_coverageSchema":"1a1c01bbd47fc00a2c39e90264f33305004495a9","hash":"b0910575014e592ffb0ae7655a9ec5c3c5a02999"}
,"/Users/rorymacrae/Documents/Personal/experiments/activity/src/stores/auth.ts": {"path":"/Users/rorymacrae/Documents/Personal/experiments/activity/src/stores/auth.ts","statementMap":{"0":{"start":{"line":41,"column":28},"end":{"line":232,"column":3}},"1":{"start":{"line":41,"column":61},"end":{"line":232,"column":1}},"2":{"start":{"line":53,"column":4},"end":{"line":56,"column":5}},"3":{"start":{"line":54,"column":6},"end":{"line":54,"column":53}},"4":{"start":{"line":55,"column":6},"end":{"line":55,"column":13}},"5":{"start":{"line":61,"column":8},"end":{"line":61,"column":40}},"6":{"start":{"line":63,"column":4},"end":{"line":70,"column":5}},"7":{"start":{"line":64,"column":6},"end":{"line":64,"column":43}},"8":{"start":{"line":65,"column":6},"end":{"line":69,"column":7}},"9":{"start":{"line":66,"column":8},"end":{"line":66,"column":37}},"10":{"start":{"line":73,"column":4},"end":{"line":85,"column":7}},"11":{"start":{"line":74,"column":6},"end":{"line":74,"column":52}},"12":{"start":{"line":76,"column":6},"end":{"line":84,"column":7}},"13":{"start":{"line":77,"column":8},"end":{"line":81,"column":9}},"14":{"start":{"line":78,"column":10},"end":{"line":78,"column":39}},"15":{"start":{"line":83,"column":8},"end":{"line":83,"column":31}},"16":{"start":{"line":87,"column":4},"end":{"line":87,"column":51}},"17":{"start":{"line":94,"column":4},"end":{"line":95,"column":80}},"18":{"start":{"line":95,"column":6},"end":{"line":95,"column":80}},"19":{"start":{"line":97,"column":4},"end":{"line":97,"column":29}},"20":{"start":{"line":99,"column":28},"end":{"line":105,"column":6}},"21":{"start":{"line":107,"column":4},"end":{"line":107,"column":30}},"22":{"start":{"line":109,"column":4},"end":{"line":111,"column":5}},"23":{"start":{"line":110,"column":6},"end":{"line":110,"column":54}},"24":{"start":{"line":113,"column":4},"end":{"line":113,"column":53}},"25":{"start":{"line":120,"column":4},"end":{"line":120,"column":78}},"26":{"start":{"line":120,"column":19},"end":{"line":120,"column":78}},"27":{"start":{"line":122,"column":4},"end":{"line":122,"column":29}},"28":{"start":{"line":124,"column":28},"end":{"line":127,"column":6}},"29":{"start":{"line":129,"column":4},"end":{"line":129,"column":30}},"30":{"start":{"line":131,"column":4},"end":{"line":133,"column":5}},"31":{"start":{"line":132,"column":6},"end":{"line":132,"column":54}},"32":{"start":{"line":135,"column":4},"end":{"line":135,"column":21}},"33":{"start":{"line":142,"column":4},"end":{"line":142,"column":78}},"34":{"start":{"line":142,"column":19},"end":{"line":142,"column":78}},"35":{"start":{"line":144,"column":22},"end":{"line":149,"column":6}},"36":{"start":{"line":151,"column":4},"end":{"line":151,"column":21}},"37":{"start":{"line":158,"column":4},"end":{"line":158,"column":78}},"38":{"start":{"line":158,"column":19},"end":{"line":158,"column":78}},"39":{"start":{"line":160,"column":22},"end":{"line":165,"column":6}},"40":{"start":{"line":167,"column":4},"end":{"line":167,"column":21}},"41":{"start":{"line":174,"column":4},"end":{"line":174,"column":26}},"42":{"start":{"line":174,"column":19},"end":{"line":174,"column":26}},"43":{"start":{"line":176,"column":4},"end":{"line":176,"column":29}},"44":{"start":{"line":177,"column":4},"end":{"line":177,"column":34}},"45":{"start":{"line":178,"column":4},"end":{"line":178,"column":72}},"46":{"start":{"line":185,"column":21},"end":{"line":185,"column":26}},"47":{"start":{"line":186,"column":4},"end":{"line":186,"column":35}},"48":{"start":{"line":186,"column":28},"end":{"line":186,"column":35}},"49":{"start":{"line":188,"column":21},"end":{"line":192,"column":15}},"50":{"start":{"line":194,"column":4},"end":{"line":196,"column":5}},"51":{"start":{"line":195,"column":6},"end":{"line":195,"column":40}},"52":{"start":{"line":203,"column":4},"end":{"line":203,"column":78}},"53":{"start":{"line":203,"column":19},"end":{"line":203,"column":78}},"54":{"start":{"line":205,"column":22},"end":{"line":207,"column":6}},"55":{"start":{"line":209,"column":4},"end":{"line":209,"column":21}},"56":{"start":{"line":216,"column":21},"end":{"line":216,"column":26}},"57":{"start":{"line":217,"column":4},"end":{"line":219,"column":5}},"58":{"start":{"line":218,"column":6},"end":{"line":218,"column":55}},"59":{"start":{"line":221,"column":22},"end":{"line":224,"column":24}},"60":{"start":{"line":226,"column":4},"end":{"line":228,"column":5}},"61":{"start":{"line":227,"column":6},"end":{"line":227,"column":35}},"62":{"start":{"line":230,"column":4},"end":{"line":230,"column":62}},"63":{"start":{"line":239,"column":34},"end":{"line":240,"column":46}},"64":{"start":{"line":240,"column":2},"end":{"line":240,"column":46}},"65":{"start":{"line":240,"column":26},"end":{"line":240,"column":45}},"66":{"start":{"line":243,"column":23},"end":{"line":243,"column":64}},"67":{"start":{"line":243,"column":29},"end":{"line":243,"column":64}},"68":{"start":{"line":243,"column":53},"end":{"line":243,"column":63}},"69":{"start":{"line":246,"column":26},"end":{"line":246,"column":70}},"70":{"start":{"line":246,"column":32},"end":{"line":246,"column":70}},"71":{"start":{"line":246,"column":56},"end":{"line":246,"column":69}},"72":{"start":{"line":249,"column":30},"end":{"line":249,"column":76}},"73":{"start":{"line":249,"column":36},"end":{"line":249,"column":76}},"74":{"start":{"line":249,"column":60},"end":{"line":249,"column":75}}},"fnMap":{"0":{"name":"(anonymous_0)","decl":{"start":{"line":41,"column":46},"end":{"line":41,"column":47}},"loc":{"start":{"line":41,"column":61},"end":{"line":232,"column":1}},"line":41},"1":{"name":"(anonymous_1)","decl":{"start":{"line":52,"column":14},"end":{"line":52,"column":15}},"loc":{"start":{"line":52,"column":26},"end":{"line":88,"column":3}},"line":52},"2":{"name":"(anonymous_2)","decl":{"start":{"line":73,"column":36},"end":{"line":73,"column":37}},"loc":{"start":{"line":73,"column":62},"end":{"line":85,"column":5}},"line":73},"3":{"name":"(anonymous_3)","decl":{"start":{"line":93,"column":10},"end":{"line":93,"column":11}},"loc":{"start":{"line":93,"column":50},"end":{"line":114,"column":3}},"line":93},"4":{"name":"(anonymous_4)","decl":{"start":{"line":119,"column":10},"end":{"line":119,"column":11}},"loc":{"start":{"line":119,"column":37},"end":{"line":136,"column":3}},"line":119},"5":{"name":"(anonymous_5)","decl":{"start":{"line":141,"column":20},"end":{"line":141,"column":21}},"loc":{"start":{"line":141,"column":32},"end":{"line":152,"column":3}},"line":141},"6":{"name":"(anonymous_6)","decl":{"start":{"line":157,"column":19},"end":{"line":157,"column":20}},"loc":{"start":{"line":157,"column":31},"end":{"line":168,"column":3}},"line":157},"7":{"name":"(anonymous_7)","decl":{"start":{"line":173,"column":11},"end":{"line":173,"column":12}},"loc":{"start":{"line":173,"column":23},"end":{"line":179,"column":3}},"line":173},"8":{"name":"(anonymous_8)","decl":{"start":{"line":184,"column":18},"end":{"line":184,"column":19}},"loc":{"start":{"line":184,"column":30},"end":{"line":197,"column":3}},"line":184},"9":{"name":"(anonymous_9)","decl":{"start":{"line":202,"column":17},"end":{"line":202,"column":18}},"loc":{"start":{"line":202,"column":34},"end":{"line":210,"column":3}},"line":202},"10":{"name":"(anonymous_10)","decl":{"start":{"line":215,"column":17},"end":{"line":215,"column":18}},"loc":{"start":{"line":215,"column":36},"end":{"line":231,"column":3}},"line":215},"11":{"name":"(anonymous_11)","decl":{"start":{"line":239,"column":34},"end":{"line":239,"column":35}},"loc":{"start":{"line":240,"column":2},"end":{"line":240,"column":46}},"line":240},"12":{"name":"(anonymous_12)","decl":{"start":{"line":240,"column":15},"end":{"line":240,"column":16}},"loc":{"start":{"line":240,"column":26},"end":{"line":240,"column":45}},"line":240},"13":{"name":"(anonymous_13)","decl":{"start":{"lin
[...]
,"/Users/rorymacrae/Documents/Personal/experiments/activity/src/stores/dismissed.ts": {"path":"/Users/rorymacrae/Documents/Personal/experiments/activity/src/stores/dismissed.ts","statementMap":{"0":{"start":{"line":16,"column":33},"end":{"line":25,"column":3}},"1":{"start":{"line":16,"column":66},"end":{"line":25,"column":1}},"2":{"start":{"line":19,"column":4},"end":{"line":23,"column":7}},"3":{"start":{"line":19,"column":20},"end":{"line":23,"column":5}},"4":{"start":{"line":24,"column":24},"end":{"line":24,"column":49}}},"fnMap":{"0":{"name":"(anonymous_0)","decl":{"start":{"line":16,"column":56},"end":{"line":16,"column":57}},"loc":{"start":{"line":16,"column":66},"end":{"line":25,"column":1}},"line":16},"1":{"name":"(anonymous_1)","decl":{"start":{"line":18,"column":11},"end":{"line":18,"column":12}},"loc":{"start":{"line":19,"column":4},"end":{"line":23,"column":7}},"line":19},"2":{"name":"(anonymous_2)","decl":{"start":{"line":19,"column":8},"end":{"line":19,"column":9}},"loc":{"start":{"line":19,"column":20},"end":{"line":23,"column":5}},"line":19},"3":{"name":"(anonymous_3)","decl":{"start":{"line":24,"column":18},"end":{"line":24,"column":19}},"loc":{"start":{"line":24,"column":24},"end":{"line":24,"column":49}},"line":24}},"branchMap":{"0":{"loc":{"start":{"line":20,"column":20},"end":{"line":22,"column":37}},"type":"cond-expr","locations":[{"start":{"line":21,"column":10},"end":{"line":21,"column":28}},{"start":{"line":22,"column":10},"end":{"line":22,"column":37}}],"line":20}},"s":{"0":1,"1":1,"2":0,"3":0,"4":0},"f":{"0":1,"1":0,"2":0,"3":0},"b":{"0":[0,0]},"_coverageSchema":"1a1c01bbd47fc00a2c39e90264f33305004495a9","hash":"1e3c05a4c1ce403ed35ac9ef8737954c4f2d467b"}
,"/Users/rorymacrae/Documents/Personal/experiments/activity/src/stores/favorites.ts": {"path":"/Users/rorymacrae/Documents/Personal/experiments/activity/src/stores/favorites.ts","statementMap":{"0":{"start":{"line":39,"column":33},"end":{"line":152,"column":1}},"1":{"start":{"line":41,"column":19},"end":{"line":142,"column":5}},"2":{"start":{"line":49,"column":41},"end":{"line":49,"column":46}},"3":{"start":{"line":50,"column":8},"end":{"line":50,"column":51}},"4":{"start":{"line":50,"column":44},"end":{"line":50,"column":51}},"5":{"start":{"line":52,"column":8},"end":{"line":52,"column":57}},"6":{"start":{"line":55,"column":8},"end":{"line":59,"column":9}},"7":{"start":{"line":56,"column":10},"end":{"line":58,"column":12}},"8":{"start":{"line":57,"column":12},"end":{"line":57,"column":71}},"9":{"start":{"line":63,"column":28},"end":{"line":63,"column":33}},"10":{"start":{"line":64,"column":8},"end":{"line":66,"column":12}},"11":{"start":{"line":64,"column":24},"end":{"line":66,"column":9}},"12":{"start":{"line":65,"column":56},"end":{"line":65,"column":71}},"13":{"start":{"line":69,"column":8},"end":{"line":73,"column":9}},"14":{"start":{"line":70,"column":10},"end":{"line":72,"column":12}},"15":{"start":{"line":71,"column":12},"end":{"line":71,"column":71}},"16":{"start":{"line":76,"column":32},"end":{"line":76,"column":68}},"17":{"start":{"line":78,"column":22},"end":{"line":78,"column":46}},"18":{"start":{"line":84,"column":29},"end":{"line":84,"column":53}},"19":{"start":{"line":87,"column":8},"end":{"line":87,"column":50}},"20":{"start":{"line":88,"column":8},"end":{"line":100,"column":9}},"21":{"start":{"line":89,"column":33},"end":{"line":89,"column":66}},"22":{"start":{"line":90,"column":10},"end":{"line":92,"column":11}},"23":{"start":{"line":91,"column":12},"end":{"line":91,"column":49}},"24":{"start":{"line":93,"column":10},"end":{"line":93,"column":58}},"25":{"start":{"line":96,"column":12},"end":{"line":96,"column":71}},"26":{"start":{"line":97,"column":10},"end":{"line":97,"column":34}},"27":{"start":{"line":99,"column":10},"end":{"line":99,"column":36}},"28":{"start":{"line":104,"column":8},"end":{"line":104,"column":50}},"29":{"start":{"line":105,"column":8},"end":{"line":115,"column":9}},"30":{"start":{"line":106,"column":34},"end":{"line":106,"column":39}},"31":{"start":{"line":107,"column":10},"end":{"line":107,"column":61}},"32":{"start":{"line":108,"column":10},"end":{"line":108,"column":58}},"33":{"start":{"line":111,"column":12},"end":{"line":111,"column":71}},"34":{"start":{"line":112,"column":10},"end":{"line":112,"column":34}},"35":{"start":{"line":114,"column":10},"end":{"line":114,"column":36}},"36":{"start":{"line":119,"column":8},"end":{"line":119,"column":50}},"37":{"start":{"line":120,"column":8},"end":{"line":140,"column":9}},"38":{"start":{"line":121,"column":50},"end":{"line":121,"column":55}},"39":{"start":{"line":122,"column":33},"end":{"line":122,"column":66}},"40":{"start":{"line":124,"column":10},"end":{"line":131,"column":11}},"41":{"start":{"line":126,"column":27},"end":{"line":126,"column":73}},"42":{"start":{"line":127,"column":12},"end":{"line":127,"column":41}},"43":{"start":{"line":130,"column":12},"end":{"line":130,"column":58}},"44":{"start":{"line":133,"column":10},"end":{"line":133,"column":75}},"45":{"start":{"line":136,"column":12},"end":{"line":136,"column":71}},"46":{"start":{"line":137,"column":10},"end":{"line":137,"column":34}},"47":{"start":{"line":139,"column":10},"end":{"line":139,"column":36}},"48":{"start":{"line":145,"column":39},"end":{"line":145,"column":53}},"49":{"start":{"line":146,"column":30},"end":{"line":149,"column":7}}},"fnMap":{"0":{"name":"(anonymous_0)","decl":{"start":{"line":41,"column":4},"end":{"line":41,"column":5}},"loc":{"start":{"line":41,"column":19},"end":{"line":142,"column":5}},"line":41},"1":{"name":"(anonymous_1)","decl":{"start":{"line":48,"column":19},"end":{"line":48,"column":20}},"loc":{"start":{"line":48,"column":33},"end":{"line":60,"column":7}},"line":48},"2":{"name":"(anonymous_2)","decl":{"start":{"line":56,"column":52},"end":{"line":56,"column":53}},"loc":{"start":{"line":57,"column":12},"end":{"line":57,"column":71}},"line":57},"3":{"name":"(anonymous_3)","decl":{"start":{"line":62,"column":22},"end":{"line":62,"column":23}},"loc":{"start":{"line":62,"column":36},"end":{"line":74,"column":7}},"line":62},"4":{"name":"(anonymous_4)","decl":{"start":{"line":64,"column":12},"end":{"line":64,"column":13}},"loc":{"start":{"line":64,"column":24},"end":{"line":66,"column":9}},"line":64},"5":{"name":"(anonymous_5)","decl":{"start":{"line":65,"column":48},"end":{"line":65,"column":49}},"loc":{"start":{"line":65,"column":56},"end":{"line":65,"column":71}},"line":65},"6":{"name":"(anonymous_6)","decl":{"start":{"line":70,"column":55},"end":{"line":70,"column":56}},"loc":{"start":{"line":71,"column":12},"end":{"line":71,"column":71}},"line":71},"7":{"name":"(anonymous_7)","decl":{"start":{"line":76,"column":18},"end":{"line":76,"column":19}},"loc":{"start":{"line":76,"column":32},"end":{"line":76,"column":68}},"line":76},"8":{"name":"(anonymous_8)","decl":{"start":{"line":78,"column":16},"end":{"line":78,"column":17}},"loc":{"start":{"line":78,"column":22},"end":{"line":78,"column":46}},"line":78},"9":{"name":"(anonymous_9)","decl":{"start":{"line":84,"column":17},"end":{"line":84,"column":18}},"loc":{"start":{"line":84,"column":29},"end":{"line":84,"column":53}},"line":84},"10":{"name":"(anonymous_10)","decl":{"start":{"line":86,"column":21},"end":{"line":86,"column":22}},"loc":{"start":{"line":86,"column":39},"end":{"line":101,"column":7}},"line":86},"11":{"name":"(anonymous_11)","decl":{"start":{"line":103,"column":19},"end":{"line":103,"column":20}},"loc":{"start":{"line":103,"column":37},"end":{"line":116,"column":7}},"line":103},"12":{"name":"(anonymous_12)","decl":{"start":{"line":118,"column":22},"end":{"line":118,"column":23}},"loc":{"start":{"line":118,"column":40},"end":{"line":141,"column":7}},"line":118},"13":{"name":"(anonymous_13)","decl":{"start":{"line":145,"column":33},"end":{"line":145,"column":34}},"loc":{"start":{"line":145,"column":39},"end":{"line":145,"column":53}},"line":145},"14":{"name":"(anonymous_14)","decl":{"start":{"line":146,"column":18},"end":{"line":146,"column":19}},"loc":{"start":{"line":146,"column":30},"end":{"line":149,"column":7}},"line":146}},"branchMap":{"0":{"loc":{"start":{"line":50,"column":8},"end":{"line":50,"column":51}},"type":"if","locations":[{"start":{"line":50,"column":8},"end":{"line":50,"column":51}},{"start":{},"end":{}}],"line":50},"1":{"loc":{"start":{"line":55,"column":8},"end":{"line":59,"column":9}},"type":"if","locations":[{"start":{"line":55,"column":8},"end":{"line":59,"column":9}},{"start":{},"end":{}}],"line":55},"2":{"loc":{"start":{"line":57,"column":29},"end":{"line":57,"column":68}},"type":"binary-expr","locations":[{"start":{"line":57,"column":29},"end":{"line":57,"column":39}},{"start":{"line":57,"column":43},"end":{"line":57,"column":68}}],"line":57},"3":{"loc":{"start":{"line":69,"column":8},"end":{"line":73,"column":9}},"type":"if","locations":[{"start":{"line":69,"column":8},"end":{"line":73,"column":9}},{"start":{},"end":{}}],"line":69},"4":{"loc":{"start":{"line":71,"column":29},"end":{"line":71,"column":68}},"type":"binary-expr","locations":[{"start":{"line":71,"column":29},"end":{"line":71,"column":39}},{"start":{"line":71,"column":43},"end":{"line":71,"column":68}}],"line":71},"5":{"loc":{"start":{"line":90,"column":10},"end":{"line":92,"column":11}},"type":"if","locations":[{"start":{"line":90,"column":10},"end":{"line":92,"column":11}},{"start":{},"end":{}}],"line":90},"6":{"loc":{"start":{"line":96,"column":12},"end":{"line":96,"column":71}},"type":"cond-expr","locations":[{"start":{"line":96,"column":33},"end":{"line":96,"column":42}},{"start":{"line":96,"column":45},"end":{"line":96,"column":71}}],"line":96},"7":{"loc":{"start":{"line":111,"column":12},"end":{"line":111,"column":71}},"type":"cond-expr","locations":[{"start":{"line":111,"column":33},"end":{"line":111,"column":42}},{"start":{"line":111,"column":45},"end":{"line":111,"column":71}}],"line":111},"8":{"loc":{"start":{"line":124,"column":10},"end":{"line":131,"column":11}},"type":"if","locations":[{"start":{"line":124,"column":10},"end":{"line":131,"column":11}},{"start":{},"end":{}}],"line":124},"9":{"loc":{"start":{"line":136,"column":12},"end":{"line":136,"column":71}},"type":"cond-expr","locations":[{"start":{"line":136,"column":33},"end":{"line":136,"column":42}},{"start":{"line":136,"column":45},"end":{"line":136,"column":71}}],"line":136}},"s":{"0":1,"1":1,"2":7,"3":7,"4":1,"5":6,"6":6,"7":0,"8":0,"9":2,"10":2,"11":2,"12":1,"13":2,"14":0,"15":0,"16":2,"17":1,"18":0,"19":0,"20":0,"21":0,"22":0,"23":0,"24":0,"25":0,"26":0,"27":0,"28":0,"29":0,"30":0,"31":0,"32":0,"33":0,"34":0,"35":0,"36":0,"37":0,"38":0,"39":0,"40":0,"41":0,"42":0,"43":0,"44":0,"45":0,"46":0,"47":0,"48":1,"49":17},"f":{"0":1,"1":7,"2":0,"3":2,"4":2,"5":1,"6":0,"7":2,"8":1,"9":0,"10":0,"11":0,"12":0,"13":1,"14":17},"b":{"0":[1,6],"1":[0,6],"2":[0,0],"3":[0,2],"4":[0,0],"5":[0,0],"6":[0,0],"7":[0,0],"8":[0,0],"9":[0,0]},"_coverageSchema":"1a1c01bbd47fc00a2c39e90264f33305004495a9","hash":"4ccc43e77a17096c4c51fc66cd242b152125f38b"}
,"/Users/rorymacrae/Documents/Personal/experiments/activity/src/stores/index.ts": {"path":"/Users/rorymacrae/Documents/Personal/experiments/activity/src/stores/index.ts","statementMap":{},"fnMap":{},"branchMap":{},"s":{},"f":{},"b":{}}
,"/Users/rorymacrae/Documents/Personal/experiments/activity/src/stores/preferences.ts": {"path":"/Users/rorymacrae/Documents/Personal/experiments/activity/src/stores/preferences.ts","statementMap":{"0":{"start":{"line":57,"column":21},"end":{"line":70,"column":1}},"1":{"start":{"line":76,"column":35},"end":{"line":207,"column":1}},"2":{"start":{"line":78,"column":19},"end":{"line":189,"column":5}},"3":{"start":{"line":82,"column":8},"end":{"line":82,"column":50}},"4":{"start":{"line":84,"column":29},"end":{"line":84,"column":52}},"5":{"start":{"line":86,"column":40},"end":{"line":86,"column":74}},"6":{"start":{"line":88,"column":33},"end":{"line":88,"column":60}},"7":{"start":{"line":90,"column":31},"end":{"line":90,"column":47}},"8":{"start":{"line":92,"column":37},"end":{"line":92,"column":68}},"9":{"start":{"line":94,"column":39},"end":{"line":94,"column":72}},"10":{"start":{"line":96,"column":36},"end":{"line":96,"column":66}},"11":{"start":{"line":98,"column":29},"end":{"line":98,"column":52}},"12":{"start":{"line":100,"column":19},"end":{"line":100,"column":36}},"13":{"start":{"line":103,"column":22},"end":{"line":103,"column":27}},"14":{"start":{"line":104,"column":8},"end":{"line":118,"column":10}},"15":{"start":{"line":126,"column":22},"end":{"line":126,"column":27}},"16":{"start":{"line":127,"column":8},"end":{"line":137,"column":10}},"17":{"start":{"line":141,"column":8},"end":{"line":151,"column":11}},"18":{"start":{"line":155,"column":8},"end":{"line":155,"column":50}},"19":{"start":{"line":156,"column":8},"end":{"line":172,"column":9}},"20":{"start":{"line":157,"column":29},"end":{"line":157,"column":64}},"21":{"start":{"line":158,"column":10},"end":{"line":164,"column":11}},"22":{"start":{"line":159,"column":26},"end":{"line":159,"column":61}},"23":{"start":{"line":161,"column":12},"end":{"line":163,"column":13}},"24":{"start":{"line":162,"column":14},"end":{"line":162,"column":40}},"25":{"start":{"line":165,"column":10},"end":{"line":165,"column":58}},"26":{"start":{"line":168,"column":12},"end":{"line":168,"column":73}},"27":{"start":{"line":169,"column":10},"end":{"line":169,"column":34}},"28":{"start":{"line":171,"column":10},"end":{"line":171,"column":36}},"29":{"start":{"line":176,"column":8},"end":{"line":176,"column":50}},"30":{"start":{"line":177,"column":8},"end":{"line":187,"column":9}},"31":{"start":{"line":178,"column":24},"end":{"line":178,"column":51}},"32":{"start":{"line":179,"column":10},"end":{"line":179,"column":52}},"33":{"start":{"line":180,"column":10},"end":{"line":180,"column":58}},"34":{"start":{"line":183,"column":12},"end":{"line":183,"column":73}},"35":{"start":{"line":184,"column":10},"end":{"line":184,"column":34}},"36":{"start":{"line":186,"column":10},"end":{"line":186,"column":36}},"37":{"start":{"line":192,"column":39},"end":{"line":192,"column":53}},"38":{"start":{"line":193,"column":30},"end":{"line":204,"column":7}}},"fnMap":{"0":{"name":"(anonymous_0)","decl":{"start":{"line":78,"column":4},"end":{"line":78,"column":5}},"loc":{"start":{"line":78,"column":19},"end":{"line":189,"column":5}},"line":78},"1":{"name":"(anonymous_1)","decl":{"start":{"line":81,"column":33},"end":{"line":81,"column":34}},"loc":{"start":{"line":82,"column":8},"end":{"line":82,"column":50}},"line":82},"2":{"name":"(anonymous_2)","decl":{"start":{"line":84,"column":19},"end":{"line":84,"column":20}},"loc":{"start":{"line":84,"column":29},"end":{"line":84,"column":52}},"line":84},"3":{"name":"(anonymous_3)","decl":{"start":{"line":86,"column":25},"end":{"line":86,"column":26}},"loc":{"start":{"line":86,"column":40},"end":{"line":86,"column":74}},"line":86},"4":{"name":"(anonymous_4)","decl":{"start":{"line":88,"column":22},"end":{"line":88,"column":23}},"loc":{"start":{"line":88,"column":33},"end":{"line":88,"column":60}},"line":88},"5":{"name":"(anonymous_5)","decl":{"start":{"line":90,"column":18},"end":{"line":90,"column":19}},"loc":{"start":{"line":90,"column":31},"end":{"line":90,"column":47}},"line":90},"6":{"name":"(anonymous_6)","decl":{"start":{"line":92,"column":26},"end":{"line":92,"column":27}},"loc":{"start":{"line":92,"column":37},"end":{"line":92,"column":68}},"line":92},"7":{"name":"(anonymous_7)","decl":{"start":{"line":94,"column":28},"end":{"line":94,"column":29}},"loc":{"start":{"line":94,"column":39},"end":{"line":94,"column":72}},"line":94},"8":{"name":"(anonymous_8)","decl":{"start":{"line":96,"column":25},"end":{"line":96,"column":26}},"loc":{"start":{"line":96,"column":36},"end":{"line":96,"column":66}},"line":96},"9":{"name":"(anonymous_9)","decl":{"start":{"line":98,"column":19},"end":{"line":98,"column":20}},"loc":{"start":{"line":98,"column":29},"end":{"line":98,"column":52}},"line":98},"10":{"name":"(anonymous_10)","decl":{"start":{"line":100,"column":13},"end":{"line":100,"column":14}},"loc":{"start":{"line":100,"column":19},"end":{"line":100,"column":36}},"line":100},"11":{"name":"(anonymous_11)","decl":{"start":{"line":102,"column":27},"end":{"line":102,"column":28}},"loc":{"start":{"line":102,"column":46},"end":{"line":119,"column":7}},"line":102},"12":{"name":"(anonymous_12)","decl":{"start":{"line":125,"column":27},"end":{"line":125,"column":28}},"loc":{"start":{"line":125,"column":51},"end":{"line":138,"column":7}},"line":125},"13":{"name":"(anonymous_13)","decl":{"start":{"line":140,"column":20},"end":{"line":140,"column":21}},"loc":{"start":{"line":140,"column":31},"end":{"line":152,"column":7}},"line":140},"14":{"name":"(anonymous_14)","decl":{"start":{"line":154,"column":21},"end":{"line":154,"column":22}},"loc":{"start":{"line":154,"column":39},"end":{"line":173,"column":7}},"line":154},"15":{"name":"(anonymous_15)","decl":{"start":{"line":175,"column":19},"end":{"line":175,"column":20}},"loc":{"start":{"line":175,"column":37},"end":{"line":188,"column":7}},"line":175},"16":{"name":"(anonymous_16)","decl":{"start":{"line":192,"column":33},"end":{"line":192,"column":34}},"loc":{"start":{"line":192,"column":39},"end":{"line":192,"column":53}},"line":192},"17":{"name":"(anonymous_17)","decl":{"start":{"line":193,"column":18},"end":{"line":193,"column":19}},"loc":{"start":{"line":193,"column":30},"end":{"line":204,"column":7}},"line":193}},"branchMap":{"0":{"loc":{"start":{"line":107,"column":12},"end":{"line":109,"column":32}},"type":"cond-expr","locations":[{"start":{"line":108,"column":16},"end":{"line":108,"column":36}},{"start":{"line":109,"column":16},"end":{"line":109,"column":32}}],"line":107},"1":{"loc":{"start":{"line":110,"column":23},"end":{"line":110,"column":49}},"type":"binary-expr","locations":[{"start":{"line":110,"column":23},"end":{"line":110,"column":40}},{"start":{"line":110,"column":44},"end":{"line":110,"column":49}}],"line":110},"2":{"loc":{"start":{"line":112,"column":12},"end":{"line":114,"column":52}},"type":"cond-expr","locations":[{"start":{"line":113,"column":16},"end":{"line":113,"column":29}},{"start":{"line":114,"column":16},"end":{"line":114,"column":52}}],"line":112},"3":{"loc":{"start":{"line":158,"column":10},"end":{"line":164,"column":11}},"type":"if","locations":[{"start":{"line":158,"column":10},"end":{"line":164,"column":11}},{"start":{},"end":{}}],"line":158},"4":{"loc":{"start":{"line":161,"column":12},"end":{"line":163,"column":13}},"type":"if","locations":[{"start":{"line":161,"column":12},"end":{"line":163,"column":13}},{"start":{},"end":{}}],"line":161},"5":{"loc":{"start":{"line":168,"column":12},"end":{"line":168,"column":73}},"type":"cond-expr","locations":[{"start":{"line":168,"column":33},"end":{"line":168,"column":42}},{"start":{"line":168,"column":45},"end":{"line":168,"column":73}}],"line":168},"6":{"loc":{"start":{"line":183,"column":12},"end":{"line":183,"column":73}},"type":"cond-expr","locations":[{"start":{"line":183,"column":33},"end":{"line":183,"column":42}},{"start":{"line":183,"column":45},"end":{"line":183,"column":73}}],"line":183}},"s":{"0":1,"1":1,"2":1,"3":2,"4":0,"5":3,"6":3,"7":2,"8":1,"9":1,"10":1,"11":0,"12":1,"13":2,"14":2,"15":0,"16":0,"17":0,"18":0,"19":0,"20":0,"21":0,"22":0,"23":0,"24":0,"25":0,"26":0,"27":0,"28":0,"29":0,"30":0,"31":0,"32":0,"33":0,"34":0,"35":0,"36":0,"37":1,"38":25},"f":{"0":1,"1":2,"2":0,"3":3,"4":3,"5":2,"6":1,"7":1,"8":1,"9":0,"10":1,"11":2,"12":0,"13":0,"14":0,"15":0,"16":1,"17":25},"b":{"0":[1,1],"1":[2,1],"2":[1,1],"3":[0,0],"4":[0,0],"5":[0,0],"6":[0,0]},"_coverageSchema":"1a1c01bbd47fc00a2c39e90264f33305004495a9","hash":"059842470d36563ccf89ba3618e70f6b5b5d897e"}
}
