TN:
SF:src/services/profile.ts
FN:16,setHomeAirport
FN:35,getHomeAirport
FN:54,getVisitedResorts
FN:76,addVisitedResort
FN:108,removeVisitedResort
FN:128,hasVisitedResort
FN:159,getProfileCompletionStatus
FNF:7
FNH:0
FNDA:0,setHomeAirport
FNDA:0,getHomeAirport
FNDA:0,getVisitedResorts
FNDA:0,addVisitedResort
FNDA:0,removeVisitedResort
FNDA:0,hasVisitedResort
FNDA:0,getProfileCompletionStatus
DA:20,0
DA:21,0
DA:24,0
DA:29,0
DA:36,0
DA:38,0
DA:44,0
DA:57,0
DA:59,0
DA:65,0
DA:66,0
DA:67,0
DA:70,0
DA:85,0
DA:86,0
DA:89,0
DA:102,0
DA:112,0
DA:113,0
DA:116,0
DA:122,0
DA:132,0
DA:134,0
DA:141,0
DA:163,0
DA:168,0
DA:169,0
DA:170,0
DA:172,0
DA:177,0
DA:179,0
LF:31
LH:0
BRDA:20,0,0,0
BRDA:20,0,1,0
BRDA:20,1,0,0
BRDA:20,1,1,0
BRDA:29,2,0,0
BRDA:29,2,1,0
BRDA:36,3,0,0
BRDA:36,3,1,0
BRDA:36,4,0,0
BRDA:36,4,1,0
BRDA:44,5,0,0
BRDA:44,5,1,0
BRDA:57,6,0,0
BRDA:57,6,1,0
BRDA:57,7,0,0
BRDA:57,7,1,0
BRDA:65,8,0,0
BRDA:65,8,1,0
BRDA:70,9,0,0
BRDA:70,9,1,0
BRDA:85,10,0,0
BRDA:85,10,1,0
BRDA:85,11,0,0
BRDA:85,11,1,0
BRDA:93,12,0,0
BRDA:93,12,1,0
BRDA:94,13,0,0
BRDA:94,13,1,0
BRDA:95,14,0,0
BRDA:95,14,1,0
BRDA:102,15,0,0
BRDA:102,15,1,0
BRDA:112,16,0,0
BRDA:112,16,1,0
BRDA:112,17,0,0
BRDA:112,17,1,0
BRDA:122,18,0,0
BRDA:122,18,1,0
BRDA:132,19,0,0
BRDA:132,19,1,0
BRDA:132,20,0,0
BRDA:132,20,1,0
BRF:42
BRH:0
end_of_record
TN:
SF:src/services/resort.ts
FN:41,supabaseRowToResort
FN:130,clearResortCache
FN:143,fetchCloudResorts
FN:161,(anonymous_3)
FN:170,(anonymous_4)
FN:171,(anonymous_5)
FN:198,fetchCloudResortById
FN:205,(anonymous_7)
FN:234,getAllResortsAsync
FN:244,getAllResorts
FN:251,getResortByIdAsync
FN:261,getResortById
FN:262,(anonymous_12)
FN:268,getResortsByRegion
FN:281,(anonymous_14)
FN:283,(anonymous_15)
FN:293,getResortsByRegionAsync
FN:311,(anonymous_17)
FN:314,(anonymous_18)
FN:321,getResortsByIds
FN:326,(anonymous_20)
FN:354,getResortCountsByCountry
FN:368,(anonymous_22)
FN:376,(anonymous_23)
FN:377,(anonymous_24)
FN:390,(anonymous_25)
FN:405,preloadResorts
FN:417,computeSimilarity
FN:460,getSimilarResorts
FN:470,(anonymous_29)
FN:471,(anonymous_30)
FN:475,(anonymous_31)
FN:477,(anonymous_32)
FNF:33
FNH:11
FNDA:73,supabaseRowToResort
FNDA:13,clearResortCache
FNDA:20,fetchCloudResorts
FNDA:12,(anonymous_3)
FNDA:12,(anonymous_4)
FNDA:0,(anonymous_5)
FNDA:2,fetchCloudResortById
FNDA:0,(anonymous_7)
FNDA:20,getAllResortsAsync
FNDA:0,getAllResorts
FNDA:2,getResortByIdAsync
FNDA:0,getResortById
FNDA:0,(anonymous_12)
FNDA:0,getResortsByRegion
FNDA:0,(anonymous_14)
FNDA:0,(anonymous_15)
FNDA:17,getResortsByRegionAsync
FNDA:25,(anonymous_17)
FNDA:96,(anonymous_18)
FNDA:0,getResortsByIds
FNDA:0,(anonymous_20)
FNDA:0,getResortCountsByCountry
FNDA:0,(anonymous_22)
FNDA:0,(anonymous_23)
FNDA:0,(anonymous_24)
FNDA:0,(anonymous_25)
FNDA:0,preloadResorts
FNDA:0,computeSimilarity
FNDA:0,getSimilarResorts
FNDA:0,(anonymous_29)
FNDA:0,(anonymous_30)
FNDA:0,(anonymous_31)
FNDA:0,(anonymous_32)
DA:43,73
DA:45,73
DA:53,73
DA:123,2
DA:124,2
DA:125,2
DA:131,13
DA:132,13
DA:144,20
DA:145,0
DA:147,20
DA:150,20
DA:151,8
DA:161,12
DA:162,12
DA:170,12
DA:171,12
DA:174,12
DA:175,12
DA:177,12
DA:178,0
DA:179,0
DA:182,12
DA:183,0
DA:186,12
DA:187,12
DA:188,12
DA:190,0
DA:191,0
DA:199,2
DA:200,0
DA:204,2
DA:205,0
DA:206,0
DA:209,2
DA:210,2
DA:216,2
DA:217,1
DA:220,1
DA:222,0
DA:235,20
DA:236,20
DA:245,0
DA:254,2
DA:255,2
DA:262,0
DA:269,0
DA:271,0
DA:273,0
DA:281,0
DA:283,0
DA:284,0
DA:296,17
DA:299,17
DA:301,16
DA:310,16
DA:311,25
DA:314,96
DA:322,0
DA:325,0
DA:326,0
DA:327,0
DA:330,0
DA:331,0
DA:334,0
DA:335,0
DA:340,0
DA:341,0
DA:344,0
DA:346,0
DA:357,0
DA:358,0
DA:360,0
DA:368,0
DA:369,0
DA:376,0
DA:377,0
DA:380,0
DA:381,0
DA:383,0
DA:384,0
DA:385,0
DA:389,0
DA:390,0
DA:391,0
DA:394,0
DA:396,0
DA:397,0
DA:406,0
DA:418,0
DA:421,0
DA:422,0
DA:425,0
DA:428,0
DA:429,0
DA:430,0
DA:433,0
DA:434,0
DA:435,0
DA:436,0
DA:439,0
DA:442,0
DA:443,0
DA:444,0
DA:447,0
DA:450,0
DA:451,0
DA:453,0
DA:464,0
DA:465,0
DA:467,0
DA:469,0
DA:470,0
DA:471,0
DA:475,0
DA:477,0
LF:116
LH:40
BRDA:45,0,0,73
BRDA:45,0,1,0
BRDA:70,1,0,49
BRDA:70,1,1,24
BRDA:77,2,0,37
BRDA:77,2,1,36
BRDA:78,3,0,37
BRDA:78,3,1,36
BRDA:80,4,0,37
BRDA:80,4,1,36
BRDA:84,5,0,13
BRDA:84,5,1,60
BRDA:86,6,0,24
BRDA:86,6,1,36
BRDA:90,7,0,36
BRDA:90,7,1,37
BRDA:96,8,0,13
BRDA:96,8,1,60
BRDA:97,9,0,49
BRDA:97,9,1,24
BRDA:98,10,0,24
BRDA:98,10,1,49
BRDA:99,11,0,24
BRDA:99,11,1,0
BRDA:104,12,0,49
BRDA:104,12,1,24
BRDA:144,13,0,0
BRDA:144,13,1,20
BRDA:144,14,0,20
BRDA:144,14,1,20
BRDA:150,15,0,8
BRDA:150,15,1,12
BRDA:150,16,0,20
BRDA:150,16,1,8
BRDA:177,17,0,0
BRDA:177,17,1,12
BRDA:182,18,0,0
BRDA:182,18,1,12
BRDA:182,19,0,12
BRDA:182,19,1,12
BRDA:199,20,0,0
BRDA:199,20,1,2
BRDA:199,21,0,2
BRDA:199,21,1,2
BRDA:204,22,0,0
BRDA:204,22,1,2
BRDA:206,23,0,0
BRDA:206,23,1,0
BRDA:216,24,0,1
BRDA:216,24,1,1
BRDA:216,25,0,2
BRDA:216,25,1,2
BRDA:236,26,0,20
BRDA:236,26,1,0
BRDA:245,27,0,0
BRDA:245,27,1,0
BRDA:255,28,0,2
BRDA:255,28,1,1
BRDA:269,29,0,0
BRDA:269,29,1,0
BRDA:271,30,0,0
BRDA:271,30,1,0
BRDA:281,31,0,0
BRDA:281,31,1,0
BRDA:299,32,0,1
BRDA:299,32,1,16
BRDA:311,33,0,25
BRDA:311,33,1,11
BRDA:322,34,0,0
BRDA:322,34,1,0
BRDA:325,35,0,0
BRDA:325,35,1,0
BRDA:327,36,0,0
BRDA:327,36,1,0
BRDA:330,37,0,0
BRDA:330,37,1,0
BRDA:330,38,0,0
BRDA:330,38,1,0
BRDA:340,39,0,0
BRDA:340,39,1,0
BRDA:340,40,0,0
BRDA:340,40,1,0
BRDA:357,41,0,0
BRDA:357,41,1,0
BRDA:357,42,0,0
BRDA:357,42,1,0
BRDA:383,43,0,0
BRDA:383,43,1,0
BRDA:383,44,0,0
BRDA:383,44,1,0
BRDA:391,45,0,0
BRDA:391,45,1,0
BRDA:421,46,0,0
BRDA:421,46,1,0
BRDA:422,47,0,0
BRDA:422,47,1,0
BRDA:428,48,0,0
BRDA:428,48,1,0
BRDA:429,49,0,0
BRDA:429,49,1,0
BRDA:430,50,0,0
BRDA:430,50,1,0
BRDA:434,51,0,0
BRDA:434,51,1,0
BRDA:435,52,0,0
BRDA:435,52,1,0
BRDA:436,53,0,0
BRDA:436,53,1,0
BRDA:442,54,0,0
BRDA:442,54,1,0
BRDA:443,55,0,0
BRDA:443,55,1,0
BRDA:444,56,0,0
BRDA:444,56,1,0
BRDA:450,57,0,0
BRDA:450,57,1,0
BRDA:451,58,0,0
BRDA:451,58,1,0
BRDA:462,59,0,0
BRDA:465,60,0,0
BRDA:465,60,1,0
BRF:121
BRH:50
end_of_record
TN:
SF:src/services/sync.ts
FN:29,fetchCloudPreferences
FN:51,saveCloudPreferences
FN:82,cloudToLocalPreferences
FN:105,fetchCloudFavorites
FN:122,(anonymous_4)
FN:128,addCloudFavorite
FN:147,removeCloudFavorite
FN:167,syncAllFavoritesToCloud
FN:187,(anonymous_8)
FN:211,mergeFavorites
FN:219,mergePreferences
FNF:11
FNH:0
FNDA:0,fetchCloudPreferences
FNDA:0,saveCloudPreferences
FNDA:0,cloudToLocalPreferences
FNDA:0,fetchCloudFavorites
FNDA:0,(anonymous_4)
FNDA:0,addCloudFavorite
FNDA:0,removeCloudFavorite
FNDA:0,syncAllFavoritesToCloud
FNDA:0,(anonymous_8)
FNDA:0,mergeFavorites
FNDA:0,mergePreferences
DA:32,0
DA:34,0
DA:40,0
DA:41,0
DA:42,0
DA:45,0
DA:55,0
DA:56,0
DA:59,0
DA:72,0
DA:76,0
DA:85,0
DA:108,0
DA:110,0
DA:115,0
DA:116,0
DA:117,0
DA:121,0
DA:122,0
DA:132,0
DA:133,0
DA:136,0
DA:137,0
DA:141,0
DA:151,0
DA:152,0
DA:155,0
DA:161,0
DA:171,0
DA:172,0
DA:176,0
DA:181,0
DA:182,0
DA:186,0
DA:187,0
DA:192,0
DA:196,0
DA:197,0
DA:201,0
DA:212,0
DA:224,0
DA:225,0
DA:228,0
LF:43
LH:0
BRDA:32,0,0,0
BRDA:32,0,1,0
BRDA:32,1,0,0
BRDA:32,1,1,0
BRDA:40,2,0,0
BRDA:40,2,1,0
BRDA:55,3,0,0
BRDA:55,3,1,0
BRDA:55,4,0,0
BRDA:55,4,1,0
BRDA:76,5,0,0
BRDA:76,5,1,0
BRDA:108,6,0,0
BRDA:108,6,1,0
BRDA:108,7,0,0
BRDA:108,7,1,0
BRDA:115,8,0,0
BRDA:115,8,1,0
BRDA:122,9,0,0
BRDA:122,9,1,0
BRDA:132,10,0,0
BRDA:132,10,1,0
BRDA:132,11,0,0
BRDA:132,11,1,0
BRDA:141,12,0,0
BRDA:141,12,1,0
BRDA:151,13,0,0
BRDA:151,13,1,0
BRDA:151,14,0,0
BRDA:151,14,1,0
BRDA:161,15,0,0
BRDA:161,15,1,0
BRDA:171,16,0,0
BRDA:171,16,1,0
BRDA:171,17,0,0
BRDA:171,17,1,0
BRDA:181,18,0,0
BRDA:181,18,1,0
BRDA:186,19,0,0
BRDA:186,19,1,0
BRDA:196,20,0,0
BRDA:196,20,1,0
BRDA:224,21,0,0
BRDA:224,21,1,0
BRF:44
BRH:0
end_of_record
TN:
SF:src/services/recommendation/explainer.ts
FN:13,generateExplanations
FN:25,(anonymous_1)
FN:38,(anonymous_2)
FN:42,(anonymous_3)
FN:54,(anonymous_4)
FN:65,(anonymous_5)
FN:74,(anonymous_6)
FNF:7
FNH:7
FNDA:25,generateExplanations
FNDA:25,(anonymous_1)
FNDA:21,(anonymous_2)
FNDA:24,(anonymous_3)
FNDA:11,(anonymous_4)
FNDA:14,(anonymous_5)
FNDA:184,(anonymous_6)
DA:18,25
DA:24,25
DA:26,25
DA:28,25
DA:33,25
DA:38,21
DA:43,24
DA:44,24
DA:45,24
DA:55,11
DA:56,11
DA:65,14
DA:72,25
DA:74,184
DA:76,25
DA:77,110
DA:79,95
DA:81,95
DA:82,57
DA:83,38
DA:84,1
DA:89,25
DA:90,2
DA:93,25
LF:24
LH:24
BRDA:28,0,0,4
BRDA:28,0,1,21
BRDA:30,1,0,19
BRDA:30,1,1,2
BRDA:46,2,0,1
BRDA:46,2,1,23
BRDA:49,3,0,1
BRDA:49,3,1,23
BRDA:57,4,0,2
BRDA:57,4,1,9
BRDA:60,5,0,2
BRDA:60,5,1,9
BRDA:77,6,0,15
BRDA:77,6,1,95
BRDA:81,7,0,57
BRDA:81,7,1,38
BRDA:83,8,0,1
BRDA:83,8,1,37
BRDA:83,9,0,38
BRDA:83,9,1,7
BRDA:89,10,0,2
BRDA:89,10,1,23
BRF:22
BRH:22
end_of_record
TN:
SF:src/services/recommendation/index.ts
FN:18,normalizePreferences
FN:38,(anonymous_1)
FN:57,computeWeightedScore
FN:75,(anonymous_3)
FN:76,(anonymous_4)
FN:97,seasonalMultiplier
FN:112,getRecommendations
FN:122,(anonymous_7)
FN:129,(anonymous_8)
FN:150,(anonymous_9)
FNF:10
FNH:9
FNDA:7,normalizePreferences
FNDA:7,(anonymous_1)
FNDA:19,computeWeightedScore
FNDA:95,(anonymous_3)
FNDA:95,(anonymous_4)
FNDA:19,seasonalMultiplier
FNDA:7,getRecommendations
FNDA:0,(anonymous_7)
FNDA:19,(anonymous_8)
FNDA:25,(anonymous_9)
DA:19,7
DA:26,7
DA:34,7
DA:38,7
DA:39,7
DA:40,7
DA:42,7
DA:62,19
DA:71,19
DA:72,19
DA:75,95
DA:76,19
DA:77,95
DA:81,19
DA:98,19
DA:99,19
DA:100,19
DA:102,19
DA:103,19
DA:104,19
DA:105,19
DA:117,7
DA:120,7
DA:121,7
DA:122,0
DA:126,7
DA:129,7
DA:130,19
DA:131,19
DA:132,19
DA:135,19
DA:141,19
DA:150,25
LF:33
LH:32
BRDA:34,0,0,7
BRDA:34,0,1,0
BRDA:46,1,0,7
BRDA:46,1,1,0
BRDA:102,2,0,0
BRDA:102,2,1,19
BRDA:103,3,0,0
BRDA:103,3,1,19
BRDA:104,4,0,0
BRDA:104,4,1,19
BRDA:114,5,0,5
BRDA:121,6,0,0
BRDA:121,6,1,7
BRF:13
BRH:7
end_of_record
TN:
SF:src/services/recommendation/scorer.ts
FN:8,getIdealDistribution
FN:28,scoreForSkill
FN:44,calculateSkillScore
FN:57,calculateBudgetScore
FN:91,calculateVibeScore
FN:102,calculateActivityScore
FN:120,calculateSnowScore
FN:128,calculateScores
FNF:8
FNH:8
FNDA:72,getIdealDistribution
FNDA:72,scoreForSkill
FNDA:36,calculateSkillScore
FNDA:36,calculateBudgetScore
FNDA:36,calculateVibeScore
FNDA:36,calculateActivityScore
FNDA:36,calculateSnowScore
FNDA:36,calculateScores
DA:13,72
DA:15,6
DA:16,66
DA:18,54
DA:21,12
DA:29,72
DA:30,72
DA:32,72
DA:35,72
DA:45,36
DA:46,36
DA:48,36
DA:49,36
DA:50,36
DA:58,36
DA:61,36
DA:69,36
DA:70,36
DA:72,36
DA:74,28
DA:75,28
DA:76,28
DA:77,8
DA:79,5
DA:82,3
DA:83,3
DA:93,36
DA:94,36
DA:95,36
DA:107,36
DA:108,36
DA:111,36
DA:114,36
DA:122,36
DA:132,36
LF:35
LH:35
BRDA:13,0,0,6
BRDA:13,0,1,66
BRDA:16,1,0,54
BRDA:16,1,1,12
BRDA:48,2,0,0
BRDA:48,2,1,36
BRDA:72,3,0,28
BRDA:72,3,1,8
BRDA:72,4,0,36
BRDA:72,4,1,31
BRDA:77,5,0,5
BRDA:77,5,1,3
BRF:12
BRH:11
end_of_record
TN:
SF:src/stores/auth.ts
FN:41,(anonymous_0)
FN:52,(anonymous_1)
FN:73,(anonymous_2)
FN:93,(anonymous_3)
FN:119,(anonymous_4)
FN:141,(anonymous_5)
FN:157,(anonymous_6)
FN:173,(anonymous_7)
FN:184,(anonymous_8)
FN:202,(anonymous_9)
FN:215,(anonymous_10)
FN:239,(anonymous_11)
FN:240,(anonymous_12)
FN:243,(anonymous_13)
FN:243,(anonymous_14)
FN:246,(anonymous_15)
FN:246,(anonymous_16)
FN:249,(anonymous_17)
FN:249,(anonymous_18)
FNF:19
FNH:0
FNDA:0,(anonymous_0)
FNDA:0,(anonymous_1)
FNDA:0,(anonymous_2)
FNDA:0,(anonymous_3)
FNDA:0,(anonymous_4)
FNDA:0,(anonymous_5)
FNDA:0,(anonymous_6)
FNDA:0,(anonymous_7)
FNDA:0,(anonymous_8)
FNDA:0,(anonymous_9)
FNDA:0,(anonymous_10)
FNDA:0,(anonymous_11)
FNDA:0,(anonymous_12)
FNDA:0,(anonymous_13)
FNDA:0,(anonymous_14)
FNDA:0,(anonymous_15)
FNDA:0,(anonymous_16)
FNDA:0,(anonymous_17)
FNDA:0,(anonymous_18)
DA:41,0
DA:53,0
DA:54,0
DA:55,0
DA:61,0
DA:63,0
DA:64,0
DA:65,0
DA:66,0
DA:73,0
DA:74,0
DA:76,0
DA:77,0
DA:78,0
DA:83,0
DA:87,0
DA:94,0
DA:95,0
DA:97,0
DA:99,0
DA:107,0
DA:109,0
DA:110,0
DA:113,0
DA:120,0
DA:122,0
DA:124,0
DA:129,0
DA:131,0
DA:132,0
DA:135,0
DA:142,0
DA:144,0
DA:151,0
DA:158,0
DA:160,0
DA:167,0
DA:174,0
DA:176,0
DA:177,0
DA:178,0
DA:185,0
DA:186,0
DA:188,0
DA:194,0
DA:195,0
DA:203,0
DA:205,0
DA:209,0
DA:216,0
DA:217,0
DA:218,0
DA:221,0
DA:226,0
DA:227,0
DA:230,0
DA:239,0
DA:240,0
DA:243,0
DA:246,0
DA:249,0
LF:61
LH:0
BRDA:53,0,0,0
BRDA:53,0,1,0
BRDA:53,1,0,0
BRDA:53,1,1,0
BRDA:63,2,0,0
BRDA:63,2,1,0
BRDA:74,3,0,0
BRDA:74,3,1,0
BRDA:76,4,0,0
BRDA:76,4,1,0
BRDA:94,5,0,0
BRDA:94,5,1,0
BRDA:109,6,0,0
BRDA:109,6,1,0
BRDA:109,7,0,0
BRDA:109,7,1,0
BRDA:113,8,0,0
BRDA:113,8,1,0
BRDA:120,9,0,0
BRDA:120,9,1,0
BRDA:131,10,0,0
BRDA:131,10,1,0
BRDA:131,11,0,0
BRDA:131,11,1,0
BRDA:142,12,0,0
BRDA:142,12,1,0
BRDA:158,13,0,0
BRDA:158,13,1,0
BRDA:174,14,0,0
BRDA:174,14,1,0
BRDA:186,15,0,0
BRDA:186,15,1,0
BRDA:186,16,0,0
BRDA:186,16,1,0
BRDA:194,17,0,0
BRDA:194,17,1,0
BRDA:203,18,0,0
BRDA:203,18,1,0
BRDA:217,19,0,0
BRDA:217,19,1,0
BRDA:217,20,0,0
BRDA:217,20,1,0
BRDA:226,21,0,0
BRDA:226,21,1,0
BRDA:230,22,0,0
BRDA:230,22,1,0
BRF:46
BRH:0
end_of_record
TN:
SF:src/stores/dismissed.ts
FN:16,(anonymous_0)
FN:18,(anonymous_1)
FN:19,(anonymous_2)
FN:24,(anonymous_3)
FNF:4
FNH:1
FNDA:1,(anonymous_0)
FNDA:0,(anonymous_1)
FNDA:0,(anonymous_2)
FNDA:0,(anonymous_3)
DA:16,1
DA:19,0
DA:24,0
LF:3
LH:1
BRDA:20,0,0,0
BRDA:20,0,1,0
BRF:2
BRH:0
end_of_record
TN:
SF:src/stores/favorites.ts
FN:41,(anonymous_0)
FN:48,(anonymous_1)
FN:56,(anonymous_2)
FN:62,(anonymous_3)
FN:64,(anonymous_4)
FN:65,(anonymous_5)
FN:70,(anonymous_6)
FN:76,(anonymous_7)
FN:78,(anonymous_8)
FN:84,(anonymous_9)
FN:86,(anonymous_10)
FN:103,(anonymous_11)
FN:118,(anonymous_12)
FN:145,(anonymous_13)
FN:146,(anonymous_14)
FNF:15
FNH:9
FNDA:1,(anonymous_0)
FNDA:7,(anonymous_1)
FNDA:0,(anonymous_2)
FNDA:2,(anonymous_3)
FNDA:2,(anonymous_4)
FNDA:1,(anonymous_5)
FNDA:0,(anonymous_6)
FNDA:2,(anonymous_7)
FNDA:1,(anonymous_8)
FNDA:0,(anonymous_9)
FNDA:0,(anonymous_10)
FNDA:0,(anonymous_11)
FNDA:0,(anonymous_12)
FNDA:1,(anonymous_13)
FNDA:17,(anonymous_14)
DA:39,1
DA:41,1
DA:49,7
DA:50,7
DA:52,6
DA:55,6
DA:56,0
DA:57,0
DA:63,2
DA:64,2
DA:65,1
DA:69,2
DA:70,0
DA:71,0
DA:76,2
DA:78,1
DA:84,0
DA:87,0
DA:88,0
DA:89,0
DA:90,0
DA:91,0
DA:93,0
DA:96,0
DA:97,0
DA:99,0
DA:104,0
DA:105,0
DA:106,0
DA:107,0
DA:108,0
DA:111,0
DA:112,0
DA:114,0
DA:119,0
DA:120,0
DA:121,0
DA:122,0
DA:124,0
DA:126,0
DA:127,0
DA:130,0
DA:133,0
DA:136,0
DA:137,0
DA:139,0
DA:145,1
DA:146,17
LF:48
LH:14
BRDA:50,0,0,1
BRDA:50,0,1,6
BRDA:55,1,0,0
BRDA:55,1,1,6
BRDA:57,2,0,0
BRDA:57,2,1,0
BRDA:69,3,0,0
BRDA:69,3,1,2
BRDA:71,4,0,0
BRDA:71,4,1,0
BRDA:90,5,0,0
BRDA:90,5,1,0
BRDA:96,6,0,0
BRDA:96,6,1,0
BRDA:111,7,0,0
BRDA:111,7,1,0
BRDA:124,8,0,0
BRDA:124,8,1,0
BRDA:136,9,0,0
BRDA:136,9,1,0
BRF:20
BRH:4
end_of_record
TN:
SF:src/stores/index.ts
FNF:0
FNH:0
LF:0
LH:0
BRF:0
BRH:0
end_of_record
TN:
SF:src/stores/preferences.ts
FN:78,(anonymous_0)
FN:81,(anonymous_1)
FN:84,(anonymous_2)
FN:86,(anonymous_3)
FN:88,(anonymous_4)
FN:90,(anonymous_5)
FN:92,(anonymous_6)
FN:94,(anonymous_7)
FN:96,(anonymous_8)
FN:98,(anonymous_9)
FN:100,(anonymous_10)
FN:102,(anonymous_11)
FN:125,(anonymous_12)
FN:140,(anonymous_13)
FN:154,(anonymous_14)
FN:175,(anonymous_15)
FN:192,(anonymous_16)
FN:193,(anonymous_17)
FNF:18
FNH:12
FNDA:1,(anonymous_0)
FNDA:2,(anonymous_1)
FNDA:0,(anonymous_2)
FNDA:3,(anonymous_3)
FNDA:3,(anonymous_4)
FNDA:2,(anonymous_5)
FNDA:1,(anonymous_6)
FNDA:1,(anonymous_7)
FNDA:1,(anonymous_8)
FNDA:0,(anonymous_9)
FNDA:1,(anonymous_10)
FNDA:2,(anonymous_11)
FNDA:0,(anonymous_12)
FNDA:0,(anonymous_13)
FNDA:0,(anonymous_14)
FNDA:0,(anonymous_15)
FNDA:1,(anonymous_16)
FNDA:25,(anonymous_17)
DA:57,1
DA:76,1
DA:78,1
DA:82,2
DA:84,0
DA:86,3
DA:88,3
DA:90,2
DA:92,1
DA:94,1
DA:96,1
DA:98,0
DA:100,1
DA:103,2
DA:104,2
DA:126,0
DA:127,0
DA:141,0
DA:155,0
DA:156,0
DA:157,0
DA:158,0
DA:159,0
DA:161,0
DA:162,0
DA:165,0
DA:168,0
DA:169,0
DA:171,0
DA:176,0
DA:177,0
DA:178,0
DA:179,0
DA:180,0
DA:183,0
DA:184,0
DA:186,0
DA:192,1
DA:193,25
LF:39
LH:15
BRDA:107,0,0,1
BRDA:107,0,1,1
BRDA:110,1,0,2
BRDA:110,1,1,1
BRDA:112,2,0,1
BRDA:112,2,1,1
BRDA:158,3,0,0
BRDA:158,3,1,0
BRDA:161,4,0,0
BRDA:161,4,1,0
BRDA:168,5,0,0
BRDA:168,5,1,0
BRDA:183,6,0,0
BRDA:183,6,1,0
BRF:14
BRH:6
end_of_record
