TN:
SF:src/services/resort.ts
FN:7,getAllResorts
FN:14,getResortById
FN:15,(anonymous_2)
FN:21,getResortsByRegion
FN:32,(anonymous_4)
FN:34,(anonymous_5)
FNF:6
FNH:6
FNDA:2,getAllResorts
FNDA:2,getResortById
FNDA:31,(anonymous_2)
FNDA:17,getResortsByRegion
FNDA:25,(anonymous_4)
FNDA:480,(anonymous_5)
DA:8,2
DA:15,31
DA:22,17
DA:24,16
DA:32,25
DA:34,480
LF:6
LH:6
BRDA:22,0,0,1
BRDA:22,0,1,16
BRDA:32,1,0,25
BRDA:32,1,1,2
BRF:4
BRH:4
end_of_record
TN:
SF:src/services/recommendation/explainer.ts
FN:13,generateExplanations
FN:25,(anonymous_1)
FN:29,(anonymous_2)
FN:33,(anonymous_3)
FN:40,(anonymous_4)
FN:50,(anonymous_5)
FN:59,(anonymous_6)
FNF:7
FNH:7
FNDA:101,generateExplanations
FNDA:98,(anonymous_1)
FNDA:78,(anonymous_2)
FNDA:86,(anonymous_3)
FNDA:63,(anonymous_4)
FNDA:84,(anonymous_5)
FNDA:784,(anonymous_6)
DA:18,101
DA:24,101
DA:25,98
DA:29,78
DA:33,86
DA:40,63
DA:50,84
DA:57,101
DA:59,784
DA:61,101
DA:62,457
DA:64,409
DA:66,409
DA:67,224
DA:68,185
DA:69,18
DA:74,101
DA:75,2
DA:78,101
LF:19
LH:19
BRDA:35,0,0,18
BRDA:35,0,1,68
BRDA:42,1,0,8
BRDA:42,1,1,55
BRDA:46,2,0,8
BRDA:46,2,1,55
BRDA:62,3,0,48
BRDA:62,3,1,409
BRDA:66,4,0,224
BRDA:66,4,1,185
BRDA:68,5,0,18
BRDA:68,5,1,167
BRDA:68,6,0,185
BRDA:68,6,1,84
BRDA:74,7,0,2
BRDA:74,7,1,99
BRF:16
BRH:16
end_of_record
TN:
SF:src/services/recommendation/index.ts
FN:13,normalizePreferences
FN:40,computeWeightedScore
FN:58,(anonymous_2)
FN:59,(anonymous_3)
FN:77,getRecommendations
FN:82,(anonymous_5)
FN:91,(anonymous_6)
FN:109,(anonymous_7)
FNF:8
FNH:8
FNDA:7,normalizePreferences
FNDA:95,computeWeightedScore
FNDA:475,(anonymous_2)
FNDA:475,(anonymous_3)
FNDA:7,getRecommendations
FNDA:7,(anonymous_5)
FNDA:95,(anonymous_6)
FNDA:299,(anonymous_7)
DA:14,7
DA:20,7
DA:27,7
DA:45,95
DA:54,95
DA:55,95
DA:58,475
DA:59,95
DA:60,475
DA:64,95
DA:82,7
DA:85,7
DA:88,7
DA:91,7
DA:92,95
DA:93,95
DA:94,95
DA:100,95
DA:109,299
LF:19
LH:19
BRDA:28,0,0,7
BRDA:28,0,1,0
BRDA:29,1,0,7
BRDA:29,1,1,0
BRDA:79,2,0,5
BRF:5
BRH:3
end_of_record
TN:
SF:src/services/recommendation/scorer.ts
FN:8,getIdealDistribution
FN:29,calculateSkillScore
FN:46,calculateBudgetScore
FN:80,calculateVibeScore
FN:91,calculateActivityScore
FN:109,calculateSnowScore
FN:117,calculateScores
FNF:7
FNH:7
FNDA:112,getIdealDistribution
FNDA:112,calculateSkillScore
FNDA:112,calculateBudgetScore
FNDA:112,calculateVibeScore
FNDA:112,calculateActivityScore
FNDA:112,calculateSnowScore
FNDA:112,calculateScores
DA:13,112
DA:15,9
DA:16,103
DA:18,79
DA:21,24
DA:30,112
DA:31,112
DA:35,112
DA:39,112
DA:47,112
DA:50,112
DA:58,112
DA:59,112
DA:61,112
DA:63,58
DA:64,58
DA:65,58
DA:66,54
DA:68,19
DA:71,35
DA:72,35
DA:82,112
DA:83,112
DA:84,112
DA:96,112
DA:97,112
DA:100,112
DA:103,112
DA:111,112
DA:121,112
LF:30
LH:30
BRDA:13,0,0,9
BRDA:13,0,1,103
BRDA:16,1,0,79
BRDA:16,1,1,24
BRDA:61,2,0,58
BRDA:61,2,1,54
BRDA:61,3,0,112
BRDA:61,3,1,93
BRDA:66,4,0,19
BRDA:66,4,1,35
BRF:10
BRH:10
end_of_record
TN:
SF:src/stores/favorites.ts
FN:22,(anonymous_0)
FN:25,(anonymous_1)
FN:26,(anonymous_2)
FN:32,(anonymous_3)
FN:33,(anonymous_4)
FN:34,(anonymous_5)
FN:37,(anonymous_6)
FN:39,(anonymous_7)
FN:43,(anonymous_8)
FNF:9
FNH:9
FNDA:1,(anonymous_0)
FNDA:7,(anonymous_1)
FNDA:7,(anonymous_2)
FNDA:2,(anonymous_3)
FNDA:2,(anonymous_4)
FNDA:1,(anonymous_5)
FNDA:2,(anonymous_6)
FNDA:1,(anonymous_7)
FNDA:1,(anonymous_8)
DA:20,1
DA:22,1
DA:26,7
DA:33,2
DA:34,1
DA:37,2
DA:39,1
DA:43,1
LF:8
LH:8
BRDA:27,0,0,1
BRDA:27,0,1,6
BRF:2
BRH:2
end_of_record
TN:
SF:src/stores/index.ts
FNF:0
FNH:0
LF:0
LH:0
BRF:0
BRH:0
end_of_record
TN:
SF:src/stores/preferences.ts
FN:46,(anonymous_0)
FN:49,(anonymous_1)
FN:52,(anonymous_2)
FN:54,(anonymous_3)
FN:56,(anonymous_4)
FN:58,(anonymous_5)
FN:60,(anonymous_6)
FN:62,(anonymous_7)
FN:64,(anonymous_8)
FN:66,(anonymous_9)
FN:83,(anonymous_10)
FNF:11
FNH:11
FNDA:1,(anonymous_0)
FNDA:2,(anonymous_1)
FNDA:3,(anonymous_2)
FNDA:3,(anonymous_3)
FNDA:2,(anonymous_4)
FNDA:1,(anonymous_5)
FNDA:1,(anonymous_6)
FNDA:1,(anonymous_7)
FNDA:1,(anonymous_8)
FNDA:2,(anonymous_9)
FNDA:1,(anonymous_10)
DA:30,1
DA:44,1
DA:46,1
DA:50,2
DA:52,3
DA:54,3
DA:56,2
DA:58,1
DA:60,1
DA:62,1
DA:64,1
DA:67,2
DA:68,2
DA:83,1
LF:14
LH:14
BRDA:69,0,0,2
BRDA:69,0,1,1
BRDA:70,1,0,2
BRDA:70,1,1,1
BRDA:72,2,0,1
BRDA:72,2,1,1
BRF:6
BRH:6
end_of_record
